{"/Users/jmcvicker/customer-POCs/chick-fil-a/jira_config_export/src/index.ts": {"path":"/Users/jmcvicker/customer-POCs/chick-fil-a/jira_config_export/src/index.ts","statementMap":{"0":{"start":{"line":1,"column":0},"end":{"line":1,"column":9}},"1":{"start":{"line":1,"column":9},"end":{"line":1,"column":38}}},"fnMap":{"0":{"name":"(anonymous_0)","decl":{"start":{"line":1,"column":9},"end":{"line":1,"column":16}},"loc":{"start":{"line":1,"column":9},"end":{"line":1,"column":38}}}},"branchMap":{},"s":{"0":0,"1":0},"f":{"0":0},"b":{}}
,"/Users/jmcvicker/customer-POCs/chick-fil-a/jira_config_export/src/setupTests.ts": {"path":"/Users/jmcvicker/customer-POCs/chick-fil-a/jira_config_export/src/setupTests.ts","statementMap":{"0":{"start":{"line":1,"column":0},"end":{"line":1,"column":35}},"1":{"start":{"line":9,"column":0},"end":{"line":28,"column":1}},"2":{"start":{"line":10,"column":2},"end":{"line":27,"column":34}},"3":{"start":{"line":17,"column":6},"end":{"line":17,"column":30}},"4":{"start":{"line":18,"column":6},"end":{"line":18,"column":40}},"5":{"start":{"line":19,"column":6},"end":{"line":19,"column":56}},"6":{"start":{"line":20,"column":6},"end":{"line":22,"column":75}},"7":{"start":{"line":25,"column":19},"end":{"line":25,"column":49}},"8":{"start":{"line":26,"column":19},"end":{"line":26,"column":37}}},"fnMap":{"0":{"name":"(anonymous_0)","decl":{"start":{"line":16,"column":4},"end":{"line":16,"column":16}},"loc":{"start":{"line":16,"column":108},"end":{"line":23,"column":5}}},"1":{"name":"(anonymous_1)","decl":{"start":{"line":25,"column":4},"end":{"line":25,"column":9}},"loc":{"start":{"line":25,"column":14},"end":{"line":25,"column":51}}},"2":{"name":"(anonymous_2)","decl":{"start":{"line":26,"column":4},"end":{"line":26,"column":9}},"loc":{"start":{"line":26,"column":14},"end":{"line":26,"column":39}}}},"branchMap":{"0":{"loc":{"start":{"line":9,"column":0},"end":{"line":28,"column":1}},"type":"if","locations":[{"start":{"line":9,"column":0},"end":{"line":28,"column":1}},{"start":{},"end":{}}]},"1":{"loc":{"start":{"line":17,"column":19},"end":{"line":17,"column":29}},"type":"binary-expr","locations":[{"start":{"line":17,"column":19},"end":{"line":17,"column":23}},{"start":{"line":17,"column":27},"end":{"line":17,"column":29}}]},"2":{"loc":{"start":{"line":18,"column":20},"end":{"line":18,"column":39}},"type":"binary-expr","locations":[{"start":{"line":18,"column":20},"end":{"line":18,"column":32}},{"start":{"line":18,"column":36},"end":{"line":18,"column":39}}]},"3":{"loc":{"start":{"line":19,"column":16},"end":{"line":19,"column":55}},"type":"binary-expr","locations":[{"start":{"line":19,"column":16},"end":{"line":19,"column":34}},{"start":{"line":19,"column":38},"end":{"line":19,"column":55}}]},"4":{"loc":{"start":{"line":20,"column":21},"end":{"line":22,"column":74}},"type":"cond-expr","locations":[{"start":{"line":21,"column":10},"end":{"line":21,"column":22}},{"start":{"line":22,"column":10},"end":{"line":22,"column":74}}]}},"s":{"0":0,"1":0,"2":0,"3":0,"4":0,"5":0,"6":0,"7":0,"8":0},"f":{"0":0,"1":0,"2":0},"b":{"0":[0,0],"1":[0,0],"2":[0,0],"3":[0,0],"4":[0,0]}}
,"/Users/jmcvicker/customer-POCs/chick-fil-a/jira_config_export/src/__tests__/forge-context-api.test.ts": {"path":"/Users/jmcvicker/customer-POCs/chick-fil-a/jira_config_export/src/__tests__/forge-context-api.test.ts","statementMap":{"0":{"start":{"line":1,"column":0},"end":{"line":1,"column":53}},"1":{"start":{"line":2,"column":0},"end":{"line":2,"column":64}},"2":{"start":{"line":6,"column":0},"end":{"line":31,"column":3}},"3":{"start":{"line":7,"column":2},"end":{"line":13,"column":5}},"4":{"start":{"line":8,"column":16},"end":{"line":10,"column":6}},"5":{"start":{"line":11,"column":4},"end":{"line":11,"column":51}},"6":{"start":{"line":12,"column":4},"end":{"line":12,"column":58}},"7":{"start":{"line":15,"column":2},"end":{"line":20,"column":5}},"8":{"start":{"line":16,"column":16},"end":{"line":16,"column":58}},"9":{"start":{"line":17,"column":4},"end":{"line":17,"column":58}},"10":{"start":{"line":18,"column":4},"end":{"line":18,"column":46}},"11":{"start":{"line":19,"column":4},"end":{"line":19,"column":48}},"12":{"start":{"line":22,"column":2},"end":{"line":30,"column":5}},"13":{"start":{"line":23,"column":16},"end":{"line":25,"column":6}},"14":{"start":{"line":26,"column":4},"end":{"line":26,"column":51}},"15":{"start":{"line":28,"column":4},"end":{"line":28,"column":51}},"16":{"start":{"line":29,"column":4},"end":{"line":29,"column":53}}},"fnMap":{"0":{"name":"(anonymous_0)","decl":{"start":{"line":6,"column":30},"end":{"line":6,"column":33}},"loc":{"start":{"line":6,"column":35},"end":{"line":31,"column":1}}},"1":{"name":"(anonymous_1)","decl":{"start":{"line":7,"column":67},"end":{"line":7,"column":70}},"loc":{"start":{"line":7,"column":72},"end":{"line":13,"column":3}}},"2":{"name":"(anonymous_2)","decl":{"start":{"line":15,"column":50},"end":{"line":15,"column":53}},"loc":{"start":{"line":15,"column":55},"end":{"line":20,"column":3}}},"3":{"name":"(anonymous_3)","decl":{"start":{"line":22,"column":32},"end":{"line":22,"column":35}},"loc":{"start":{"line":22,"column":37},"end":{"line":30,"column":3}}}},"branchMap":{},"s":{"0":0,"1":0,"2":0,"3":0,"4":0,"5":0,"6":0,"7":0,"8":0,"9":0,"10":0,"11":0,"12":0,"13":0,"14":0,"15":0,"16":0},"f":{"0":0,"1":0,"2":0,"3":0},"b":{}}
,"/Users/jmcvicker/customer-POCs/chick-fil-a/jira_config_export/src/__tests__/integration.test.ts": {"path":"/Users/jmcvicker/customer-POCs/chick-fil-a/jira_config_export/src/__tests__/integration.test.ts","statementMap":{"0":{"start":{"line":1,"column":0},"end":{"line":1,"column":61}},"1":{"start":{"line":2,"column":0},"end":{"line":2,"column":39}},"2":{"start":{"line":5,"column":16},"end":{"line":8,"column":2}},"3":{"start":{"line":10,"column":0},"end":{"line":10,"column":34}},"4":{"start":{"line":10,"column":17},"end":{"line":10,"column":32}},"5":{"start":{"line":12,"column":0},"end":{"line":137,"column":3}},"6":{"start":{"line":13,"column":2},"end":{"line":54,"column":5}},"7":{"start":{"line":15,"column":4},"end":{"line":26,"column":7}},"8":{"start":{"line":27,"column":4},"end":{"line":33,"column":7}},"9":{"start":{"line":36,"column":25},"end":{"line":38,"column":6}},"10":{"start":{"line":40,"column":4},"end":{"line":40,"column":47}},"11":{"start":{"line":41,"column":4},"end":{"line":41,"column":54}},"12":{"start":{"line":42,"column":4},"end":{"line":42,"column":61}},"13":{"start":{"line":43,"column":4},"end":{"line":43,"column":61}},"14":{"start":{"line":46,"column":26},"end":{"line":46,"column":95}},"15":{"start":{"line":48,"column":4},"end":{"line":48,"column":55}},"16":{"start":{"line":49,"column":24},"end":{"line":49,"column":53}},"17":{"start":{"line":50,"column":4},"end":{"line":50,"column":54}},"18":{"start":{"line":51,"column":4},"end":{"line":51,"column":70}},"19":{"start":{"line":52,"column":4},"end":{"line":52,"column":52}},"20":{"start":{"line":53,"column":4},"end":{"line":53,"column":52}},"21":{"start":{"line":56,"column":2},"end":{"line":60,"column":5}},"22":{"start":{"line":58,"column":19},"end":{"line":58,"column":88}},"23":{"start":{"line":59,"column":4},"end":{"line":59,"column":44}},"24":{"start":{"line":62,"column":2},"end":{"line":86,"column":5}},"25":{"start":{"line":63,"column":4},"end":{"line":69,"column":7}},"26":{"start":{"line":70,"column":4},"end":{"line":73,"column":7}},"27":{"start":{"line":75,"column":19},"end":{"line":77,"column":6}},"28":{"start":{"line":79,"column":4},"end":{"line":79,"column":48}},"29":{"start":{"line":80,"column":4},"end":{"line":80,"column":55}},"30":{"start":{"line":81,"column":4},"end":{"line":81,"column":56}},"31":{"start":{"line":84,"column":26},"end":{"line":84,"column":95}},"32":{"start":{"line":85,"column":4},"end":{"line":85,"column":55}},"33":{"start":{"line":88,"column":2},"end":{"line":113,"column":5}},"34":{"start":{"line":89,"column":4},"end":{"line":92,"column":7}},"35":{"start":{"line":93,"column":4},"end":{"line":96,"column":7}},"36":{"start":{"line":97,"column":4},"end":{"line":100,"column":7}},"37":{"start":{"line":103,"column":4},"end":{"line":103,"column":95}},"38":{"start":{"line":104,"column":4},"end":{"line":104,"column":94}},"39":{"start":{"line":105,"column":4},"end":{"line":105,"column":98}},"40":{"start":{"line":107,"column":19},"end":{"line":107,"column":88}},"41":{"start":{"line":108,"column":4},"end":{"line":108,"column":48}},"42":{"start":{"line":110,"column":4},"end":{"line":110,"column":72}},"43":{"start":{"line":111,"column":4},"end":{"line":111,"column":68}},"44":{"start":{"line":112,"column":4},"end":{"line":112,"column":69}},"45":{"start":{"line":115,"column":2},"end":{"line":136,"column":5}},"46":{"start":{"line":116,"column":4},"end":{"line":127,"column":7}},"47":{"start":{"line":129,"column":19},"end":{"line":131,"column":6}},"48":{"start":{"line":133,"column":4},"end":{"line":133,"column":55}},"49":{"start":{"line":134,"column":4},"end":{"line":134,"column":52}},"50":{"start":{"line":135,"column":4},"end":{"line":135,"column":76}}},"fnMap":{"0":{"name":"(anonymous_0)","decl":{"start":{"line":10,"column":11},"end":{"line":10,"column":14}},"loc":{"start":{"line":10,"column":17},"end":{"line":10,"column":32}}},"1":{"name":"(anonymous_1)","decl":{"start":{"line":12,"column":28},"end":{"line":12,"column":31}},"loc":{"start":{"line":12,"column":33},"end":{"line":137,"column":1}}},"2":{"name":"(anonymous_2)","decl":{"start":{"line":13,"column":65},"end":{"line":13,"column":70}},"loc":{"start":{"line":13,"column":76},"end":{"line":54,"column":3}}},"3":{"name":"(anonymous_3)","decl":{"start":{"line":56,"column":71},"end":{"line":56,"column":76}},"loc":{"start":{"line":56,"column":82},"end":{"line":60,"column":3}}},"4":{"name":"(anonymous_4)","decl":{"start":{"line":62,"column":78},"end":{"line":62,"column":83}},"loc":{"start":{"line":62,"column":89},"end":{"line":86,"column":3}}},"5":{"name":"(anonymous_5)","decl":{"start":{"line":88,"column":64},"end":{"line":88,"column":69}},"loc":{"start":{"line":88,"column":75},"end":{"line":113,"column":3}}},"6":{"name":"(anonymous_6)","decl":{"start":{"line":115,"column":44},"end":{"line":115,"column":49}},"loc":{"start":{"line":115,"column":55},"end":{"line":136,"column":3}}}},"branchMap":{},"s":{"0":0,"1":0,"2":0,"3":0,"4":0,"5":0,"6":0,"7":0,"8":0,"9":0,"10":0,"11":0,"12":0,"13":0,"14":0,"15":0,"16":0,"17":0,"18":0,"19":0,"20":0,"21":0,"22":0,"23":0,"24":0,"25":0,"26":0,"27":0,"28":0,"29":0,"30":0,"31":0,"32":0,"33":0,"34":0,"35":0,"36":0,"37":0,"38":0,"39":0,"40":0,"41":0,"42":0,"43":0,"44":0,"45":0,"46":0,"47":0,"48":0,"49":0,"50":0},"f":{"0":0,"1":0,"2":0,"3":0,"4":0,"5":0,"6":0},"b":{}}
,"/Users/jmcvicker/customer-POCs/chick-fil-a/jira_config_export/src/frontend/index.tsx": {"path":"/Users/jmcvicker/customer-POCs/chick-fil-a/jira_config_export/src/frontend/index.tsx","statementMap":{"0":{"start":{"line":1,"column":0},"end":{"line":1,"column":64}},"1":{"start":{"line":2,"column":0},"end":{"line":2,"column":null}},"2":{"start":{"line":18,"column":0},"end":{"line":18,"column":39}},"3":{"start":{"line":19,"column":0},"end":{"line":19,"column":88}},"4":{"start":{"line":36,"column":43},"end":{"line":64,"column":2}},"5":{"start":{"line":66,"column":26},"end":{"line":66,"column":60}},"6":{"start":{"line":66,"column":54},"end":{"line":66,"column":59}},"7":{"start":{"line":68,"column":25},"end":{"line":71,"column":3}},"8":{"start":{"line":68,"column":54},"end":{"line":71,"column":2}},"9":{"start":{"line":75,"column":2},"end":{"line":75,"column":67}},"10":{"start":{"line":75,"column":38},"end":{"line":75,"column":51}},"11":{"start":{"line":82,"column":2},"end":{"line":83,"column":75}},"12":{"start":{"line":85,"column":41},"end":{"line":103,"column":2}},"13":{"start":{"line":105,"column":37},"end":{"line":105,"column":57}},"14":{"start":{"line":110,"column":23},"end":{"line":112,"column":2}},"15":{"start":{"line":114,"column":21},"end":{"line":121,"column":2}},"16":{"start":{"line":123,"column":26},"end":{"line":125,"column":2}},"17":{"start":{"line":130,"column":19},"end":{"line":483,"column":1}},"18":{"start":{"line":131,"column":54},"end":{"line":131,"column":76}},"19":{"start":{"line":132,"column":40},"end":{"line":132,"column":55}},"20":{"start":{"line":133,"column":46},"end":{"line":133,"column":78}},"21":{"start":{"line":134,"column":44},"end":{"line":134,"column":79}},"22":{"start":{"line":135,"column":44},"end":{"line":135,"column":72}},"23":{"start":{"line":136,"column":50},"end":{"line":136,"column":64}},"24":{"start":{"line":137,"column":28},"end":{"line":137,"column":57}},"25":{"start":{"line":140,"column":22},"end":{"line":158,"column":8}},"26":{"start":{"line":141,"column":4},"end":{"line":141,"column":30}},"27":{"start":{"line":142,"column":4},"end":{"line":157,"column":5}},"28":{"start":{"line":143,"column":6},"end":{"line":150,"column":7}},"29":{"start":{"line":144,"column":8},"end":{"line":144,"column":39}},"30":{"start":{"line":146,"column":26},"end":{"line":146,"column":58}},"31":{"start":{"line":149,"column":8},"end":{"line":149,"column":52}},"32":{"start":{"line":152,"column":18},"end":{"line":152,"column":66}},"33":{"start":{"line":153,"column":6},"end":{"line":153,"column":69}},"34":{"start":{"line":154,"column":6},"end":{"line":154,"column":49}},"35":{"start":{"line":156,"column":6},"end":{"line":156,"column":33}},"36":{"start":{"line":160,"column":2},"end":{"line":163,"column":20}},"37":{"start":{"line":161,"column":4},"end":{"line":161,"column":31}},"38":{"start":{"line":162,"column":4},"end":{"line":162,"column":18}},"39":{"start":{"line":166,"column":22},"end":{"line":166,"column":76}},"40":{"start":{"line":168,"column":26},"end":{"line":170,"column":3}},"41":{"start":{"line":169,"column":4},"end":{"line":169,"column":69}},"42":{"start":{"line":173,"column":31},"end":{"line":175,"column":3}},"43":{"start":{"line":174,"column":4},"end":{"line":174,"column":40}},"44":{"start":{"line":178,"column":23},"end":{"line":250,"column":3}},"45":{"start":{"line":179,"column":4},"end":{"line":179,"column":48}},"46":{"start":{"line":179,"column":41},"end":{"line":179,"column":48}},"47":{"start":{"line":181,"column":4},"end":{"line":181,"column":19}},"48":{"start":{"line":182,"column":4},"end":{"line":182,"column":25}},"49":{"start":{"line":183,"column":4},"end":{"line":183,"column":27}},"50":{"start":{"line":186,"column":48},"end":{"line":190,"column":7}},"51":{"start":{"line":186,"column":81},"end":{"line":190,"column":6}},"52":{"start":{"line":191,"column":4},"end":{"line":191,"column":39}},"53":{"start":{"line":193,"column":4},"end":{"line":249,"column":5}},"54":{"start":{"line":196,"column":6},"end":{"line":219,"column":7}},"55":{"start":{"line":198,"column":8},"end":{"line":198,"column":65}},"56":{"start":{"line":198,"column":39},"end":{"line":198,"column":63}},"57":{"start":{"line":199,"column":8},"end":{"line":214,"column":10}},"58":{"start":{"line":204,"column":52},"end":{"line":213,"column":12}},"59":{"start":{"line":216,"column":8},"end":{"line":218,"column":28}},"60":{"start":{"line":222,"column":48},"end":{"line":232,"column":8}},"61":{"start":{"line":223,"column":26},"end":{"line":224,"column":null}},"62":{"start":{"line":224,"column":33},"end":{"line":224,"column":51}},"63":{"start":{"line":226,"column":8},"end":{"line":231,"column":10}},"64":{"start":{"line":233,"column":6},"end":{"line":233,"column":39}},"65":{"start":{"line":234,"column":6},"end":{"line":234,"column":31}},"66":{"start":{"line":237,"column":6},"end":{"line":237,"column":26}},"67":{"start":{"line":239,"column":18},"end":{"line":239,"column":66}},"68":{"start":{"line":240,"column":6},"end":{"line":240,"column":53}},"69":{"start":{"line":241,"column":6},"end":{"line":241,"column":40}},"70":{"start":{"line":244,"column":6},"end":{"line":246,"column":8}},"71":{"start":{"line":245,"column":8},"end":{"line":245,"column":90}},"72":{"start":{"line":245,"column":33},"end":{"line":245,"column":88}},"73":{"start":{"line":248,"column":6},"end":{"line":248,"column":28}},"74":{"start":{"line":253,"column":25},"end":{"line":255,"column":10}},"75":{"start":{"line":254,"column":11},"end":{"line":254,"column":54}},"76":{"start":{"line":256,"column":21},"end":{"line":256,"column":50}},"77":{"start":{"line":257,"column":24},"end":{"line":257,"column":72}},"78":{"start":{"line":258,"column":18},"end":{"line":258,"column":65}},"79":{"start":{"line":259,"column":20},"end":{"line":259,"column":76}},"80":{"start":{"line":259,"column":55},"end":{"line":259,"column":75}},"81":{"start":{"line":262,"column":23},"end":{"line":263,"column":74}},"82":{"start":{"line":263,"column":4},"end":{"line":263,"column":74}},"83":{"start":{"line":266,"column":22},"end":{"line":273,"column":4}},"84":{"start":{"line":275,"column":22},"end":{"line":315,"column":4}},"85":{"start":{"line":276,"column":22},"end":{"line":278,"column":null}},"86":{"start":{"line":277,"column":42},"end":{"line":277,"column":65}},"87":{"start":{"line":280,"column":22},"end":{"line":282,"column":17}},"88":{"start":{"line":281,"column":26},"end":{"line":281,"column":42}},"89":{"start":{"line":283,"column":26},"end":{"line":283,"column":69}},"90":{"start":{"line":284,"column":27},"end":{"line":285,"column":null}},"91":{"start":{"line":285,"column":29},"end":{"line":285,"column":69}},"92":{"start":{"line":288,"column":4},"end":{"line":314,"column":6}},"93":{"start":{"line":300,"column":18},"end":{"line":301,"column":null}},"94":{"start":{"line":318,"column":27},"end":{"line":333,"column":3}},"95":{"start":{"line":321,"column":4},"end":{"line":332,"column":5}},"96":{"start":{"line":323,"column":8},"end":{"line":323,"column":25}},"97":{"start":{"line":325,"column":8},"end":{"line":325,"column":28}},"98":{"start":{"line":327,"column":8},"end":{"line":327,"column":25}},"99":{"start":{"line":329,"column":8},"end":{"line":329,"column":25}},"100":{"start":{"line":331,"column":8},"end":{"line":331,"column":25}},"101":{"start":{"line":335,"column":22},"end":{"line":348,"column":3}},"102":{"start":{"line":336,"column":4},"end":{"line":347,"column":5}},"103":{"start":{"line":338,"column":8},"end":{"line":338,"column":25}},"104":{"start":{"line":340,"column":8},"end":{"line":340,"column":29}},"105":{"start":{"line":342,"column":8},"end":{"line":342,"column":22}},"106":{"start":{"line":344,"column":8},"end":{"line":344,"column":23}},"107":{"start":{"line":346,"column":8},"end":{"line":346,"column":22}},"108":{"start":{"line":351,"column":2},"end":{"line":482,"column":4}},"109":{"start":{"line":408,"column":18},"end":{"line":408,"column":43}},"110":{"start":{"line":431,"column":23},"end":{"line":431,"column":63}},"111":{"start":{"line":439,"column":35},"end":{"line":439,"column":75}},"112":{"start":{"line":441,"column":22},"end":{"line":442,"column":null}},"113":{"start":{"line":130,"column":13},"end":{"line":130,"column":19}},"114":{"start":{"line":488,"column":0},"end":{"line":492,"column":2}}},"fnMap":{"0":{"name":"(anonymous_9)","decl":{"start":{"line":66,"column":47},"end":{"line":66,"column":48}},"loc":{"start":{"line":66,"column":54},"end":{"line":66,"column":59}}},"1":{"name":"(anonymous_10)","decl":{"start":{"line":68,"column":46},"end":{"line":68,"column":47}},"loc":{"start":{"line":68,"column":54},"end":{"line":71,"column":2}}},"2":{"name":"categoryLabel","decl":{"start":{"line":74,"column":9},"end":{"line":74,"column":22}},"loc":{"start":{"line":74,"column":34},"end":{"line":76,"column":1}}},"3":{"name":"(anonymous_12)","decl":{"start":{"line":75,"column":31},"end":{"line":75,"column":32}},"loc":{"start":{"line":75,"column":38},"end":{"line":75,"column":51}}},"4":{"name":"(anonymous_13)","decl":{"start":{"line":130,"column":19},"end":{"line":130,"column":35}},"loc":{"start":{"line":130,"column":37},"end":{"line":483,"column":1}}},"5":{"name":"(anonymous_14)","decl":{"start":{"line":140,"column":34},"end":{"line":140,"column":39}},"loc":{"start":{"line":140,"column":45},"end":{"line":158,"column":3}}},"6":{"name":"(anonymous_15)","decl":{"start":{"line":160,"column":12},"end":{"line":160,"column":15}},"loc":{"start":{"line":160,"column":17},"end":{"line":163,"column":3}}},"7":{"name":"(anonymous_16)","decl":{"start":{"line":168,"column":26},"end":{"line":168,"column":35}},"loc":{"start":{"line":168,"column":37},"end":{"line":170,"column":3}}},"8":{"name":"(anonymous_17)","decl":{"start":{"line":173,"column":31},"end":{"line":173,"column":32}},"loc":{"start":{"line":173,"column":58},"end":{"line":175,"column":3}}},"9":{"name":"(anonymous_18)","decl":{"start":{"line":178,"column":23},"end":{"line":178,"column":28}},"loc":{"start":{"line":178,"column":49},"end":{"line":250,"column":3}}},"10":{"name":"(anonymous_19)","decl":{"start":{"line":186,"column":71},"end":{"line":186,"column":72}},"loc":{"start":{"line":186,"column":81},"end":{"line":190,"column":6}}},"11":{"name":"(anonymous_20)","decl":{"start":{"line":198,"column":26},"end":{"line":198,"column":27}},"loc":{"start":{"line":198,"column":39},"end":{"line":198,"column":63}}},"12":{"name":"(anonymous_21)","decl":{"start":{"line":204,"column":42},"end":{"line":204,"column":43}},"loc":{"start":{"line":204,"column":52},"end":{"line":213,"column":12}}},"13":{"name":"(anonymous_22)","decl":{"start":{"line":222,"column":71},"end":{"line":222,"column":72}},"loc":{"start":{"line":222,"column":79},"end":{"line":232,"column":7}}},"14":{"name":"(anonymous_23)","decl":{"start":{"line":224,"column":10},"end":{"line":224,"column":11}},"loc":{"start":{"line":224,"column":33},"end":{"line":224,"column":51}}},"15":{"name":"(anonymous_24)","decl":{"start":{"line":244,"column":24},"end":{"line":244,"column":25}},"loc":{"start":{"line":245,"column":8},"end":{"line":245,"column":90}}},"16":{"name":"(anonymous_25)","decl":{"start":{"line":245,"column":25},"end":{"line":245,"column":26}},"loc":{"start":{"line":245,"column":33},"end":{"line":245,"column":88}}},"17":{"name":"(anonymous_26)","decl":{"start":{"line":254,"column":4},"end":{"line":254,"column":5}},"loc":{"start":{"line":254,"column":11},"end":{"line":254,"column":54}}},"18":{"name":"(anonymous_27)","decl":{"start":{"line":259,"column":48},"end":{"line":259,"column":49}},"loc":{"start":{"line":259,"column":55},"end":{"line":259,"column":75}}},"19":{"name":"(anonymous_28)","decl":{"start":{"line":262,"column":23},"end":{"line":262,"column":24}},"loc":{"start":{"line":263,"column":4},"end":{"line":263,"column":74}}},"20":{"name":"(anonymous_29)","decl":{"start":{"line":275,"column":48},"end":{"line":275,"column":49}},"loc":{"start":{"line":275,"column":59},"end":{"line":315,"column":3}}},"21":{"name":"(anonymous_30)","decl":{"start":{"line":277,"column":6},"end":{"line":277,"column":7}},"loc":{"start":{"line":277,"column":42},"end":{"line":277,"column":65}}},"22":{"name":"(anonymous_31)","decl":{"start":{"line":281,"column":11},"end":{"line":281,"column":12}},"loc":{"start":{"line":281,"column":26},"end":{"line":281,"column":42}}},"23":{"name":"(anonymous_32)","decl":{"start":{"line":285,"column":6},"end":{"line":285,"column":7}},"loc":{"start":{"line":285,"column":29},"end":{"line":285,"column":69}}},"24":{"name":"(anonymous_33)","decl":{"start":{"line":299,"column":36},"end":{"line":299,"column":37}},"loc":{"start":{"line":300,"column":18},"end":{"line":301,"column":null}}},"25":{"name":"(anonymous_34)","decl":{"start":{"line":318,"column":27},"end":{"line":318,"column":null}},"loc":{"start":{"line":320,"column":56},"end":{"line":333,"column":3}}},"26":{"name":"(anonymous_35)","decl":{"start":{"line":335,"column":22},"end":{"line":335,"column":23}},"loc":{"start":{"line":335,"column":57},"end":{"line":348,"column":3}}},"27":{"name":"(anonymous_36)","decl":{"start":{"line":407,"column":44},"end":{"line":407,"column":45}},"loc":{"start":{"line":408,"column":18},"end":{"line":408,"column":43}}},"28":{"name":"(anonymous_37)","decl":{"start":{"line":431,"column":16},"end":{"line":431,"column":17}},"loc":{"start":{"line":431,"column":23},"end":{"line":431,"column":63}}},"29":{"name":"(anonymous_38)","decl":{"start":{"line":439,"column":28},"end":{"line":439,"column":29}},"loc":{"start":{"line":439,"column":35},"end":{"line":439,"column":75}}},"30":{"name":"(anonymous_39)","decl":{"start":{"line":440,"column":25},"end":{"line":440,"column":26}},"loc":{"start":{"line":441,"column":22},"end":{"line":442,"column":null}}}},"branchMap":{"0":{"loc":{"start":{"line":75,"column":9},"end":{"line":75,"column":66}},"type":"binary-expr","locations":[{"start":{"line":75,"column":9},"end":{"line":75,"column":59}},{"start":{"line":75,"column":63},"end":{"line":75,"column":66}}]},"1":{"loc":{"start":{"line":82,"column":2},"end":{"line":83,"column":75}},"type":"binary-expr","locations":[{"start":{"line":82,"column":2},"end":{"line":82,"column":31}},{"start":{"line":83,"column":3},"end":{"line":83,"column":75}}]},"2":{"loc":{"start":{"line":143,"column":6},"end":{"line":150,"column":7}},"type":"if","locations":[{"start":{"line":143,"column":6},"end":{"line":150,"column":7}},{"start":{"line":145,"column":13},"end":{"line":150,"column":7}}]},"3":{"loc":{"start":{"line":149,"column":25},"end":{"line":149,"column":50}},"type":"binary-expr","locations":[{"start":{"line":149,"column":26},"end":{"line":149,"column":43}},{"start":{"line":149,"column":48},"end":{"line":149,"column":50}}]},"4":{"loc":{"start":{"line":152,"column":18},"end":{"line":152,"column":66}},"type":"cond-expr","locations":[{"start":{"line":152,"column":41},"end":{"line":152,"column":52}},{"start":{"line":152,"column":55},"end":{"line":152,"column":66}}]},"5":{"loc":{"start":{"line":169,"column":26},"end":{"line":169,"column":67}},"type":"cond-expr","locations":[{"start":{"line":169,"column":40},"end":{"line":169,"column":42}},{"start":{"line":169,"column":45},"end":{"line":169,"column":67}}]},"6":{"loc":{"start":{"line":174,"column":26},"end":{"line":174,"column":38}},"type":"binary-expr","locations":[{"start":{"line":174,"column":26},"end":{"line":174,"column":32}},{"start":{"line":174,"column":36},"end":{"line":174,"column":38}}]},"7":{"loc":{"start":{"line":179,"column":4},"end":{"line":179,"column":48}},"type":"if","locations":[{"start":{"line":179,"column":4},"end":{"line":179,"column":48}},{"start":{},"end":{}}]},"8":{"loc":{"start":{"line":196,"column":6},"end":{"line":219,"column":7}},"type":"if","locations":[{"start":{"line":196,"column":6},"end":{"line":219,"column":7}},{"start":{"line":215,"column":13},"end":{"line":219,"column":7}}]},"9":{"loc":{"start":{"line":223,"column":27},"end":{"line":223,"column":47}},"type":"binary-expr","locations":[{"start":{"line":223,"column":27},"end":{"line":223,"column":41}},{"start":{"line":223,"column":45},"end":{"line":223,"column":47}}]},"10":{"loc":{"start":{"line":229,"column":18},"end":{"line":229,"column":105}},"type":"cond-expr","locations":[{"start":{"line":229,"column":50},"end":{"line":229,"column":75}},{"start":{"line":229,"column":79},"end":{"line":229,"column":105}}]},"11":{"loc":{"start":{"line":239,"column":18},"end":{"line":239,"column":66}},"type":"cond-expr","locations":[{"start":{"line":239,"column":41},"end":{"line":239,"column":52}},{"start":{"line":239,"column":55},"end":{"line":239,"column":66}}]},"12":{"loc":{"start":{"line":245,"column":9},"end":{"line":245,"column":19}},"type":"binary-expr","locations":[{"start":{"line":245,"column":9},"end":{"line":245,"column":13}},{"start":{"line":245,"column":17},"end":{"line":245,"column":19}}]},"13":{"loc":{"start":{"line":253,"column":26},"end":{"line":253,"column":46}},"type":"binary-expr","locations":[{"start":{"line":253,"column":26},"end":{"line":253,"column":40}},{"start":{"line":253,"column":44},"end":{"line":253,"column":46}}]},"14":{"loc":{"start":{"line":254,"column":11},"end":{"line":254,"column":54}},"type":"binary-expr","locations":[{"start":{"line":254,"column":11},"end":{"line":254,"column":30}},{"start":{"line":254,"column":34},"end":{"line":254,"column":54}}]},"15":{"loc":{"start":{"line":256,"column":22},"end":{"line":256,"column":42}},"type":"binary-expr","locations":[{"start":{"line":256,"column":22},"end":{"line":256,"column":36}},{"start":{"line":256,"column":40},"end":{"line":256,"column":42}}]},"16":{"loc":{"start":{"line":257,"column":24},"end":{"line":257,"column":72}},"type":"cond-expr","locations":[{"start":{"line":257,"column":41},"end":{"line":257,"column":68}},{"start":{"line":257,"column":71},"end":{"line":257,"column":72}}]},"17":{"loc":{"start":{"line":258,"column":18},"end":{"line":258,"column":65}},"type":"binary-expr","locations":[{"start":{"line":258,"column":18},"end":{"line":258,"column":32}},{"start":{"line":258,"column":36},"end":{"line":258,"column":65}}]},"18":{"loc":{"start":{"line":259,"column":21},"end":{"line":259,"column":41}},"type":"binary-expr","locations":[{"start":{"line":259,"column":21},"end":{"line":259,"column":35}},{"start":{"line":259,"column":39},"end":{"line":259,"column":41}}]},"19":{"loc":{"start":{"line":275,"column":23},"end":{"line":275,"column":42}},"type":"binary-expr","locations":[{"start":{"line":275,"column":23},"end":{"line":275,"column":36}},{"start":{"line":275,"column":40},"end":{"line":275,"column":42}}]},"20":{"loc":{"start":{"line":276,"column":23},"end":{"line":276,"column":43}},"type":"binary-expr","locations":[{"start":{"line":276,"column":23},"end":{"line":276,"column":37}},{"start":{"line":276,"column":41},"end":{"line":276,"column":43}}]},"21":{"loc":{"start":{"line":277,"column":49},"end":{"line":277,"column":64}},"type":"binary-expr","locations":[{"start":{"line":277,"column":49},"end":{"line":277,"column":59}},{"start":{"line":277,"column":63},"end":{"line":277,"column":64}}]},"22":{"loc":{"start":{"line":280,"column":23},"end":{"line":280,"column":46}},"type":"binary-expr","locations":[{"start":{"line":280,"column":23},"end":{"line":280,"column":40}},{"start":{"line":280,"column":44},"end":{"line":280,"column":46}}]},"23":{"loc":{"start":{"line":284,"column":28},"end":{"line":284,"column":48}},"type":"binary-expr","locations":[{"start":{"line":284,"column":28},"end":{"line":284,"column":42}},{"start":{"line":284,"column":46},"end":{"line":284,"column":48}}]},"24":{"loc":{"start":{"line":285,"column":29},"end":{"line":285,"column":69}},"type":"binary-expr","locations":[{"start":{"line":285,"column":29},"end":{"line":285,"column":48}},{"start":{"line":285,"column":52},"end":{"line":285,"column":69}}]},"25":{"loc":{"start":{"line":297,"column":12},"end":{"line":310,"column":null}},"type":"cond-expr","locations":[{"start":{"line":298,"column":14},"end":{"line":307,"column":null}},{"start":{"line":310,"column":14},"end":{"line":310,"column":62}}]},"26":{"loc":{"start":{"line":321,"column":4},"end":{"line":332,"column":5}},"type":"switch","locations":[{"start":{"line":322,"column":6},"end":{"line":323,"column":25}},{"start":{"line":324,"column":6},"end":{"line":325,"column":28}},{"start":{"line":326,"column":6},"end":{"line":327,"column":25}},{"start":{"line":328,"column":6},"end":{"line":329,"column":25}},{"start":{"line":330,"column":6},"end":{"line":331,"column":25}}]},"27":{"loc":{"start":{"line":336,"column":4},"end":{"line":347,"column":5}},"type":"switch","locations":[{"start":{"line":337,"column":6},"end":{"line":338,"column":25}},{"start":{"line":339,"column":6},"end":{"line":340,"column":29}},{"start":{"line":341,"column":6},"end":{"line":342,"column":22}},{"start":{"line":343,"column":6},"end":{"line":344,"column":23}},{"start":{"line":345,"column":6},"end":{"line":346,"column":22}}]},"28":{"loc":{"start":{"line":355,"column":9},"end":{"line":358,"column":null}},"type":"binary-expr","locations":[{"start":{"line":355,"column":9},"end":{"line":355,"column":14}},{"start":{"line":356,"column":10},"end":{"line":357,"column":null}}]},"29":{"loc":{"start":{"line":370,"column":17},"end":{"line":370,"column":60}},"type":"cond-expr","locations":[{"start":{"line":370,"column":31},"end":{"line":370,"column":45}},{"start":{"line":370,"column":48},"end":{"line":370,"column":60}}]},"30":{"loc":{"start":{"line":387,"column":24},"end":{"line":387,"column":70}},"type":"binary-expr","locations":[{"start":{"line":387,"column":24},"end":{"line":387,"column":55}},{"start":{"line":387,"column":59},"end":{"line":387,"column":70}}]},"31":{"loc":{"start":{"line":389,"column":13},"end":{"line":391,"column":24}},"type":"cond-expr","locations":[{"start":{"line":390,"column":16},"end":{"line":390,"column":64}},{"start":{"line":391,"column":16},"end":{"line":391,"column":24}}]},"32":{"loc":{"start":{"line":393,"column":11},"end":{"line":393,"column":51}},"type":"binary-expr","locations":[{"start":{"line":393,"column":11},"end":{"line":393,"column":22}},{"start":{"line":393,"column":26},"end":{"line":393,"column":51}}]},"33":{"loc":{"start":{"line":397,"column":9},"end":{"line":422,"column":null}},"type":"binary-expr","locations":[{"start":{"line":397,"column":9},"end":{"line":397,"column":42}},{"start":{"line":398,"column":10},"end":{"line":421,"column":null}}]},"34":{"loc":{"start":{"line":397,"column":10},"end":{"line":397,"column":30}},"type":"binary-expr","locations":[{"start":{"line":397,"column":10},"end":{"line":397,"column":24}},{"start":{"line":397,"column":28},"end":{"line":397,"column":30}}]},"35":{"loc":{"start":{"line":403,"column":28},"end":{"line":403,"column":73}},"type":"cond-expr","locations":[{"start":{"line":403,"column":52},"end":{"line":403,"column":61}},{"start":{"line":403,"column":64},"end":{"line":403,"column":73}}]},"36":{"loc":{"start":{"line":403,"column":28},"end":{"line":403,"column":49}},"type":"binary-expr","locations":[{"start":{"line":403,"column":28},"end":{"line":403,"column":35}},{"start":{"line":403,"column":39},"end":{"line":403,"column":49}}]},"37":{"loc":{"start":{"line":407,"column":18},"end":{"line":407,"column":38}},"type":"binary-expr","locations":[{"start":{"line":407,"column":18},"end":{"line":407,"column":32}},{"start":{"line":407,"column":36},"end":{"line":407,"column":38}}]},"38":{"loc":{"start":{"line":414,"column":23},"end":{"line":415,"column":null}},"type":"binary-expr","locations":[{"start":{"line":414,"column":23},"end":{"line":414,"column":33}},{"start":{"line":415,"column":24},"end":{"line":415,"column":75}}]},"39":{"loc":{"start":{"line":426,"column":9},"end":{"line":452,"column":null}},"type":"binary-expr","locations":[{"start":{"line":426,"column":9},"end":{"line":426,"column":22}},{"start":{"line":426,"column":26},"end":{"line":426,"column":38}},{"start":{"line":427,"column":10},"end":{"line":451,"column":null}}]},"40":{"loc":{"start":{"line":430,"column":15},"end":{"line":449,"column":null}},"type":"cond-expr","locations":[{"start":{"line":433,"column":16},"end":{"line":433,"column":null}},{"start":{"line":437,"column":16},"end":{"line":448,"column":null}}]},"41":{"loc":{"start":{"line":430,"column":16},"end":{"line":430,"column":43}},"type":"binary-expr","locations":[{"start":{"line":430,"column":16},"end":{"line":430,"column":37}},{"start":{"line":430,"column":41},"end":{"line":430,"column":43}}]},"42":{"loc":{"start":{"line":431,"column":23},"end":{"line":431,"column":63}},"type":"binary-expr","locations":[{"start":{"line":431,"column":23},"end":{"line":431,"column":42}},{"start":{"line":431,"column":46},"end":{"line":431,"column":63}}]},"43":{"loc":{"start":{"line":438,"column":20},"end":{"line":438,"column":47}},"type":"binary-expr","locations":[{"start":{"line":438,"column":20},"end":{"line":438,"column":41}},{"start":{"line":438,"column":45},"end":{"line":438,"column":47}}]},"44":{"loc":{"start":{"line":439,"column":35},"end":{"line":439,"column":75}},"type":"binary-expr","locations":[{"start":{"line":439,"column":35},"end":{"line":439,"column":54}},{"start":{"line":439,"column":58},"end":{"line":439,"column":75}}]},"45":{"loc":{"start":{"line":459,"column":13},"end":{"line":476,"column":null}},"type":"cond-expr","locations":[{"start":{"line":460,"column":14},"end":{"line":462,"column":null}},{"start":{"line":464,"column":16},"end":{"line":476,"column":null}}]},"46":{"loc":{"start":{"line":464,"column":16},"end":{"line":476,"column":null}},"type":"cond-expr","locations":[{"start":{"line":465,"column":14},"end":{"line":465,"column":null}},{"start":{"line":469,"column":14},"end":{"line":474,"column":null}}]},"47":{"loc":{"start":{"line":464,"column":17},"end":{"line":464,"column":36}},"type":"binary-expr","locations":[{"start":{"line":464,"column":17},"end":{"line":464,"column":30}},{"start":{"line":464,"column":34},"end":{"line":464,"column":36}}]}},"s":{"0":1,"1":1,"2":1,"3":1,"4":1,"5":1,"6":23,"7":1,"8":23,"9":6,"10":34,"11":1,"12":1,"13":1,"14":1,"15":1,"16":1,"17":1,"18":22,"19":22,"20":22,"21":22,"22":22,"23":22,"24":22,"25":22,"26":11,"27":11,"28":11,"29":0,"30":11,"31":10,"32":1,"33":1,"34":1,"35":11,"36":22,"37":11,"38":11,"39":22,"40":22,"41":0,"42":22,"43":0,"44":22,"45":0,"46":0,"47":0,"48":0,"49":0,"50":0,"51":0,"52":0,"53":0,"54":0,"55":0,"56":0,"57":0,"58":0,"59":0,"60":0,"61":0,"62":0,"63":0,"64":0,"65":0,"66":0,"67":0,"68":0,"69":0,"70":0,"71":0,"72":0,"73":0,"74":22,"75":0,"76":22,"77":22,"78":22,"79":22,"80":0,"81":22,"82":3,"83":22,"84":22,"85":2,"86":3,"87":2,"88":3,"89":2,"90":2,"91":3,"92":2,"93":3,"94":22,"95":0,"96":0,"97":0,"98":0,"99":0,"100":0,"101":22,"102":0,"103":0,"104":0,"105":0,"106":0,"107":0,"108":22,"109":0,"110":0,"111":0,"112":0,"113":1,"114":1},"f":{"0":23,"1":23,"2":6,"3":34,"4":22,"5":11,"6":11,"7":0,"8":0,"9":0,"10":0,"11":0,"12":0,"13":0,"14":0,"15":0,"16":0,"17":0,"18":0,"19":3,"20":2,"21":3,"22":3,"23":3,"24":3,"25":0,"26":0,"27":0,"28":0,"29":0,"30":0},"b":{"0":[6,0],"1":[1,1],"2":[0,11],"3":[10,0],"4":[1,0],"5":[0,0],"6":[0,0],"7":[0,0],"8":[0,0],"9":[0,0],"10":[0,0],"11":[0,0],"12":[0,0],"13":[22,0],"14":[0,0],"15":[22,0],"16":[0,22],"17":[22,0],"18":[22,0],"19":[22,0],"20":[2,0],"21":[3,0],"22":[2,0],"23":[2,0],"24":[3,3],"25":[2,0],"26":[0,0,0,0,0],"27":[0,0,0,0,0],"28":[22,1],"29":[0,22],"30":[22,0],"31":[0,22],"32":[22,0],"33":[22,0],"34":[22,0],"35":[0,0],"36":[0,0],"37":[0,0],"38":[0,0],"39":[22,0,0],"40":[0,0],"41":[0,0],"42":[0,0],"43":[0,0],"44":[0,0],"45":[11,11],"46":[9,2],"47":[11,0]}}
,"/Users/jmcvicker/customer-POCs/chick-fil-a/jira_config_export/src/frontend/__tests__/index.test.tsx": {"path":"/Users/jmcvicker/customer-POCs/chick-fil-a/jira_config_export/src/frontend/__tests__/index.test.tsx","statementMap":{"0":{"start":{"line":1,"column":0},"end":{"line":1,"column":26}},"1":{"start":{"line":2,"column":0},"end":{"line":2,"column":65}},"2":{"start":{"line":3,"column":0},"end":{"line":3,"column":39}},"3":{"start":{"line":4,"column":0},"end":{"line":4,"column":31}},"4":{"start":{"line":6,"column":0},"end":{"line":8,"column":3}},"5":{"start":{"line":7,"column":2},"end":{"line":7,"column":17}},"6":{"start":{"line":10,"column":0},"end":{"line":174,"column":3}},"7":{"start":{"line":11,"column":2},"end":{"line":17,"column":5}},"8":{"start":{"line":12,"column":4},"end":{"line":12,"column":59}},"9":{"start":{"line":13,"column":4},"end":{"line":13,"column":20}},"10":{"start":{"line":14,"column":4},"end":{"line":16,"column":7}},"11":{"start":{"line":15,"column":6},"end":{"line":15,"column":72}},"12":{"start":{"line":19,"column":2},"end":{"line":33,"column":5}},"13":{"start":{"line":20,"column":4},"end":{"line":20,"column":59}},"14":{"start":{"line":21,"column":4},"end":{"line":21,"column":20}},"15":{"start":{"line":22,"column":4},"end":{"line":32,"column":7}},"16":{"start":{"line":24,"column":28},"end":{"line":24,"column":69}},"17":{"start":{"line":25,"column":6},"end":{"line":25,"column":48}},"18":{"start":{"line":26,"column":26},"end":{"line":26,"column":68}},"19":{"start":{"line":27,"column":6},"end":{"line":27,"column":48}},"20":{"start":{"line":28,"column":6},"end":{"line":28,"column":49}},"21":{"start":{"line":29,"column":6},"end":{"line":29,"column":53}},"22":{"start":{"line":30,"column":6},"end":{"line":30,"column":58}},"23":{"start":{"line":31,"column":6},"end":{"line":31,"column":47}},"24":{"start":{"line":35,"column":2},"end":{"line":41,"column":5}},"25":{"start":{"line":36,"column":4},"end":{"line":36,"column":59}},"26":{"start":{"line":37,"column":4},"end":{"line":37,"column":20}},"27":{"start":{"line":38,"column":4},"end":{"line":40,"column":7}},"28":{"start":{"line":39,"column":6},"end":{"line":39,"column":65}},"29":{"start":{"line":43,"column":2},"end":{"line":53,"column":5}},"30":{"start":{"line":44,"column":4},"end":{"line":44,"column":59}},"31":{"start":{"line":45,"column":4},"end":{"line":45,"column":20}},"32":{"start":{"line":46,"column":4},"end":{"line":52,"column":7}},"33":{"start":{"line":47,"column":24},"end":{"line":47,"column":50}},"34":{"start":{"line":48,"column":6},"end":{"line":48,"column":44}},"35":{"start":{"line":50,"column":20},"end":{"line":50,"column":69}},"36":{"start":{"line":51,"column":6},"end":{"line":51,"column":63}},"37":{"start":{"line":55,"column":2},"end":{"line":61,"column":5}},"38":{"start":{"line":56,"column":4},"end":{"line":56,"column":59}},"39":{"start":{"line":57,"column":4},"end":{"line":57,"column":20}},"40":{"start":{"line":58,"column":4},"end":{"line":60,"column":7}},"41":{"start":{"line":59,"column":6},"end":{"line":59,"column":69}},"42":{"start":{"line":63,"column":2},"end":{"line":73,"column":5}},"43":{"start":{"line":64,"column":4},"end":{"line":64,"column":59}},"44":{"start":{"line":65,"column":4},"end":{"line":65,"column":20}},"45":{"start":{"line":66,"column":4},"end":{"line":72,"column":7}},"46":{"start":{"line":67,"column":6},"end":{"line":71,"column":28}},"47":{"start":{"line":75,"column":2},"end":{"line":83,"column":5}},"48":{"start":{"line":76,"column":4},"end":{"line":76,"column":59}},"49":{"start":{"line":77,"column":4},"end":{"line":77,"column":20}},"50":{"start":{"line":78,"column":4},"end":{"line":82,"column":7}},"51":{"start":{"line":79,"column":6},"end":{"line":81,"column":8}},"52":{"start":{"line":85,"column":2},"end":{"line":114,"column":5}},"53":{"start":{"line":86,"column":4},"end":{"line":108,"column":7}},"54":{"start":{"line":109,"column":4},"end":{"line":109,"column":20}},"55":{"start":{"line":110,"column":4},"end":{"line":113,"column":7}},"56":{"start":{"line":112,"column":6},"end":{"line":112,"column":75}},"57":{"start":{"line":116,"column":2},"end":{"line":128,"column":5}},"58":{"start":{"line":117,"column":4},"end":{"line":117,"column":59}},"59":{"start":{"line":118,"column":4},"end":{"line":118,"column":20}},"60":{"start":{"line":119,"column":4},"end":{"line":127,"column":7}},"61":{"start":{"line":120,"column":28},"end":{"line":120,"column":69}},"62":{"start":{"line":121,"column":6},"end":{"line":121,"column":48}},"63":{"start":{"line":122,"column":6},"end":{"line":122,"column":66}},"64":{"start":{"line":124,"column":26},"end":{"line":124,"column":74}},"65":{"start":{"line":125,"column":22},"end":{"line":125,"column":45}},"66":{"start":{"line":126,"column":6},"end":{"line":126,"column":39}},"67":{"start":{"line":130,"column":2},"end":{"line":161,"column":5}},"68":{"start":{"line":131,"column":4},"end":{"line":147,"column":7}},"69":{"start":{"line":148,"column":4},"end":{"line":148,"column":20}},"70":{"start":{"line":149,"column":4},"end":{"line":160,"column":7}},"71":{"start":{"line":151,"column":20},"end":{"line":151,"column":60}},"72":{"start":{"line":152,"column":6},"end":{"line":152,"column":40}},"73":{"start":{"line":154,"column":19},"end":{"line":154,"column":51}},"74":{"start":{"line":155,"column":6},"end":{"line":155,"column":39}},"75":{"start":{"line":156,"column":6},"end":{"line":159,"column":8}},"76":{"start":{"line":163,"column":2},"end":{"line":173,"column":5}},"77":{"start":{"line":164,"column":4},"end":{"line":166,"column":7}},"78":{"start":{"line":165,"column":6},"end":{"line":165,"column":39}},"79":{"start":{"line":167,"column":4},"end":{"line":167,"column":20}},"80":{"start":{"line":168,"column":4},"end":{"line":172,"column":7}},"81":{"start":{"line":169,"column":6},"end":{"line":171,"column":28}}},"fnMap":{"0":{"name":"(anonymous_1)","decl":{"start":{"line":6,"column":11},"end":{"line":6,"column":14}},"loc":{"start":{"line":6,"column":16},"end":{"line":8,"column":1}}},"1":{"name":"(anonymous_2)","decl":{"start":{"line":10,"column":16},"end":{"line":10,"column":19}},"loc":{"start":{"line":10,"column":21},"end":{"line":174,"column":1}}},"2":{"name":"(anonymous_3)","decl":{"start":{"line":11,"column":33},"end":{"line":11,"column":38}},"loc":{"start":{"line":11,"column":44},"end":{"line":17,"column":3}}},"3":{"name":"(anonymous_4)","decl":{"start":{"line":14,"column":18},"end":{"line":14,"column":21}},"loc":{"start":{"line":14,"column":23},"end":{"line":16,"column":5}}},"4":{"name":"(anonymous_5)","decl":{"start":{"line":19,"column":34},"end":{"line":19,"column":39}},"loc":{"start":{"line":19,"column":45},"end":{"line":33,"column":3}}},"5":{"name":"(anonymous_6)","decl":{"start":{"line":22,"column":18},"end":{"line":22,"column":21}},"loc":{"start":{"line":22,"column":23},"end":{"line":32,"column":5}}},"6":{"name":"(anonymous_7)","decl":{"start":{"line":35,"column":32},"end":{"line":35,"column":37}},"loc":{"start":{"line":35,"column":43},"end":{"line":41,"column":3}}},"7":{"name":"(anonymous_8)","decl":{"start":{"line":38,"column":18},"end":{"line":38,"column":21}},"loc":{"start":{"line":38,"column":23},"end":{"line":40,"column":5}}},"8":{"name":"(anonymous_9)","decl":{"start":{"line":43,"column":65},"end":{"line":43,"column":70}},"loc":{"start":{"line":43,"column":76},"end":{"line":53,"column":3}}},"9":{"name":"(anonymous_10)","decl":{"start":{"line":46,"column":18},"end":{"line":46,"column":21}},"loc":{"start":{"line":46,"column":23},"end":{"line":52,"column":5}}},"10":{"name":"(anonymous_11)","decl":{"start":{"line":55,"column":45},"end":{"line":55,"column":50}},"loc":{"start":{"line":55,"column":56},"end":{"line":61,"column":3}}},"11":{"name":"(anonymous_12)","decl":{"start":{"line":58,"column":18},"end":{"line":58,"column":21}},"loc":{"start":{"line":58,"column":23},"end":{"line":60,"column":5}}},"12":{"name":"(anonymous_13)","decl":{"start":{"line":63,"column":58},"end":{"line":63,"column":63}},"loc":{"start":{"line":63,"column":69},"end":{"line":73,"column":3}}},"13":{"name":"(anonymous_14)","decl":{"start":{"line":66,"column":18},"end":{"line":66,"column":21}},"loc":{"start":{"line":66,"column":23},"end":{"line":72,"column":5}}},"14":{"name":"(anonymous_15)","decl":{"start":{"line":75,"column":40},"end":{"line":75,"column":45}},"loc":{"start":{"line":75,"column":51},"end":{"line":83,"column":3}}},"15":{"name":"(anonymous_16)","decl":{"start":{"line":78,"column":18},"end":{"line":78,"column":21}},"loc":{"start":{"line":78,"column":23},"end":{"line":82,"column":5}}},"16":{"name":"(anonymous_17)","decl":{"start":{"line":85,"column":51},"end":{"line":85,"column":56}},"loc":{"start":{"line":85,"column":62},"end":{"line":114,"column":3}}},"17":{"name":"(anonymous_18)","decl":{"start":{"line":110,"column":18},"end":{"line":110,"column":21}},"loc":{"start":{"line":110,"column":23},"end":{"line":113,"column":5}}},"18":{"name":"(anonymous_19)","decl":{"start":{"line":116,"column":66},"end":{"line":116,"column":71}},"loc":{"start":{"line":116,"column":77},"end":{"line":128,"column":3}}},"19":{"name":"(anonymous_20)","decl":{"start":{"line":119,"column":18},"end":{"line":119,"column":21}},"loc":{"start":{"line":119,"column":23},"end":{"line":127,"column":5}}},"20":{"name":"(anonymous_21)","decl":{"start":{"line":130,"column":71},"end":{"line":130,"column":76}},"loc":{"start":{"line":130,"column":82},"end":{"line":161,"column":3}}},"21":{"name":"(anonymous_22)","decl":{"start":{"line":149,"column":18},"end":{"line":149,"column":21}},"loc":{"start":{"line":149,"column":23},"end":{"line":160,"column":5}}},"22":{"name":"(anonymous_23)","decl":{"start":{"line":163,"column":53},"end":{"line":163,"column":58}},"loc":{"start":{"line":163,"column":64},"end":{"line":173,"column":3}}},"23":{"name":"(anonymous_24)","decl":{"start":{"line":164,"column":42},"end":{"line":164,"column":45}},"loc":{"start":{"line":164,"column":47},"end":{"line":166,"column":5}}},"24":{"name":"(anonymous_25)","decl":{"start":{"line":168,"column":18},"end":{"line":168,"column":21}},"loc":{"start":{"line":168,"column":23},"end":{"line":172,"column":5}}}},"branchMap":{"0":{"loc":{"start":{"line":124,"column":26},"end":{"line":124,"column":74}},"type":"binary-expr","locations":[{"start":{"line":124,"column":26},"end":{"line":124,"column":68}},{"start":{"line":124,"column":72},"end":{"line":124,"column":74}}]}},"s":{"0":0,"1":0,"2":0,"3":0,"4":0,"5":0,"6":0,"7":0,"8":0,"9":0,"10":0,"11":0,"12":0,"13":0,"14":0,"15":0,"16":0,"17":0,"18":0,"19":0,"20":0,"21":0,"22":0,"23":0,"24":0,"25":0,"26":0,"27":0,"28":0,"29":0,"30":0,"31":0,"32":0,"33":0,"34":0,"35":0,"36":0,"37":0,"38":0,"39":0,"40":0,"41":0,"42":0,"43":0,"44":0,"45":0,"46":0,"47":0,"48":0,"49":0,"50":0,"51":0,"52":0,"53":0,"54":0,"55":0,"56":0,"57":0,"58":0,"59":0,"60":0,"61":0,"62":0,"63":0,"64":0,"65":0,"66":0,"67":0,"68":0,"69":0,"70":0,"71":0,"72":0,"73":0,"74":0,"75":0,"76":0,"77":0,"78":0,"79":0,"80":0,"81":0},"f":{"0":0,"1":0,"2":0,"3":0,"4":0,"5":0,"6":0,"7":0,"8":0,"9":0,"10":0,"11":0,"12":0,"13":0,"14":0,"15":0,"16":0,"17":0,"18":0,"19":0,"20":0,"21":0,"22":0,"23":0,"24":0},"b":{"0":[0,0]}}
,"/Users/jmcvicker/customer-POCs/chick-fil-a/jira_config_export/src/frontend/utils/errorLogger.ts": {"path":"/Users/jmcvicker/customer-POCs/chick-fil-a/jira_config_export/src/frontend/utils/errorLogger.ts","statementMap":{"0":{"start":{"line":1,"column":0},"end":{"line":1,"column":39}},"1":{"start":{"line":2,"column":0},"end":{"line":2,"column":26}},"2":{"start":{"line":3,"column":0},"end":{"line":3,"column":36}},"3":{"start":{"line":21,"column":24},"end":{"line":41,"column":1}},"4":{"start":{"line":22,"column":2},"end":{"line":40,"column":3}},"5":{"start":{"line":23,"column":37},"end":{"line":33,"column":6}},"6":{"start":{"line":35,"column":4},"end":{"line":35,"column":44}},"7":{"start":{"line":38,"column":4},"end":{"line":38,"column":66}},"8":{"start":{"line":39,"column":4},"end":{"line":39,"column":48}},"9":{"start":{"line":21,"column":13},"end":{"line":21,"column":24}},"10":{"start":{"line":47,"column":40},"end":{"line":73,"column":1}},"11":{"start":{"line":48,"column":2},"end":{"line":72,"column":3}},"12":{"start":{"line":50,"column":4},"end":{"line":59,"column":7}},"13":{"start":{"line":51,"column":6},"end":{"line":58,"column":9}},"14":{"start":{"line":62,"column":4},"end":{"line":71,"column":7}},"15":{"start":{"line":64,"column":6},"end":{"line":64,"column":29}},"16":{"start":{"line":66,"column":6},"end":{"line":70,"column":9}},"17":{"start":{"line":47,"column":13},"end":{"line":47,"column":40}},"18":{"start":{"line":89,"column":4},"end":{"line":89,"column":17}},"19":{"start":{"line":90,"column":4},"end":{"line":90,"column":37}},"20":{"start":{"line":94,"column":4},"end":{"line":94,"column":37}},"21":{"start":{"line":99,"column":4},"end":{"line":104,"column":7}},"22":{"start":{"line":113,"column":4},"end":{"line":128,"column":5}},"23":{"start":{"line":114,"column":6},"end":{"line":125,"column":7}},"24":{"start":{"line":116,"column":11},"end":{"line":116,"column":83}},"25":{"start":{"line":117,"column":33},"end":{"line":119,"column":25}},"26":{"start":{"line":120,"column":8},"end":{"line":124,"column":16}},"27":{"start":{"line":132,"column":4},"end":{"line":165,"column":5}},"28":{"start":{"line":134,"column":6},"end":{"line":137,"column":7}},"29":{"start":{"line":135,"column":34},"end":{"line":135,"column":53}},"30":{"start":{"line":136,"column":8},"end":{"line":136,"column":83}},"31":{"start":{"line":139,"column":24},"end":{"line":139,"column":130}},"32":{"start":{"line":141,"column":6},"end":{"line":152,"column":7}},"33":{"start":{"line":144,"column":8},"end":{"line":151,"column":10}},"34":{"start":{"line":156,"column":6},"end":{"line":164,"column":8}},"35":{"start":{"line":167,"column":4},"end":{"line":167,"column":31}},"36":{"start":{"line":84,"column":0},"end":{"line":84,"column":13}}},"fnMap":{"0":{"name":"(anonymous_1)","decl":{"start":{"line":21,"column":24},"end":{"line":21,"column":29}},"loc":{"start":{"line":21,"column":79},"end":{"line":41,"column":1}}},"1":{"name":"(anonymous_2)","decl":{"start":{"line":47,"column":40},"end":{"line":47,"column":49}},"loc":{"start":{"line":47,"column":51},"end":{"line":73,"column":1}}},"2":{"name":"(anonymous_3)","decl":{"start":{"line":50,"column":37},"end":{"line":50,"column":38}},"loc":{"start":{"line":50,"column":47},"end":{"line":59,"column":5}}},"3":{"name":"(anonymous_4)","decl":{"start":{"line":62,"column":50},"end":{"line":62,"column":51}},"loc":{"start":{"line":62,"column":60},"end":{"line":71,"column":5}}},"4":{"name":"(anonymous_5)","decl":{"start":{"line":88,"column":2},"end":{"line":88,"column":14}},"loc":{"start":{"line":88,"column":98},"end":{"line":91,"column":3}}},"5":{"name":"(anonymous_6)","decl":{"start":{"line":93,"column":2},"end":{"line":93,"column":8}},"loc":{"start":{"line":93,"column":46},"end":{"line":95,"column":3}}},"6":{"name":"(anonymous_7)","decl":{"start":{"line":97,"column":2},"end":{"line":97,"column":19}},"loc":{"start":{"line":97,"column":60},"end":{"line":129,"column":3}}},"7":{"name":"(anonymous_8)","decl":{"start":{"line":131,"column":2},"end":{"line":131,"column":8}},"loc":{"start":{"line":131,"column":8},"end":{"line":168,"column":3}}}},"branchMap":{"0":{"loc":{"start":{"line":24,"column":15},"end":{"line":24,"column":51}},"type":"binary-expr","locations":[{"start":{"line":24,"column":15},"end":{"line":24,"column":32}},{"start":{"line":24,"column":36},"end":{"line":24,"column":51}}]},"1":{"loc":{"start":{"line":30,"column":17},"end":{"line":30,"column":83}},"type":"cond-expr","locations":[{"start":{"line":30,"column":52},"end":{"line":30,"column":71}},{"start":{"line":30,"column":74},"end":{"line":30,"column":83}}]},"2":{"loc":{"start":{"line":31,"column":11},"end":{"line":31,"column":76}},"type":"cond-expr","locations":[{"start":{"line":31,"column":43},"end":{"line":31,"column":64}},{"start":{"line":31,"column":67},"end":{"line":31,"column":76}}]},"3":{"loc":{"start":{"line":48,"column":2},"end":{"line":72,"column":3}},"type":"if","locations":[{"start":{"line":48,"column":2},"end":{"line":72,"column":3}},{"start":{},"end":{}}]},"4":{"loc":{"start":{"line":68,"column":15},"end":{"line":68,"column":58}},"type":"binary-expr","locations":[{"start":{"line":68,"column":15},"end":{"line":68,"column":34}},{"start":{"line":68,"column":38},"end":{"line":68,"column":58}}]},"5":{"loc":{"start":{"line":101,"column":13},"end":{"line":101,"column":37}},"type":"binary-expr","locations":[{"start":{"line":101,"column":13},"end":{"line":101,"column":24}},{"start":{"line":101,"column":28},"end":{"line":101,"column":37}}]},"6":{"loc":{"start":{"line":102,"column":22},"end":{"line":102,"column":59}},"type":"binary-expr","locations":[{"start":{"line":102,"column":22},"end":{"line":102,"column":46}},{"start":{"line":102,"column":50},"end":{"line":102,"column":59}}]},"7":{"loc":{"start":{"line":114,"column":6},"end":{"line":125,"column":7}},"type":"if","locations":[{"start":{"line":114,"column":6},"end":{"line":125,"column":7}},{"start":{},"end":{}}]},"8":{"loc":{"start":{"line":114,"column":10},"end":{"line":114,"column":84}},"type":"binary-expr","locations":[{"start":{"line":114,"column":10},"end":{"line":114,"column":39}},{"start":{"line":114,"column":43},"end":{"line":114,"column":56}},{"start":{"line":114,"column":60},"end":{"line":114,"column":84}}]},"9":{"loc":{"start":{"line":117,"column":33},"end":{"line":119,"column":25}},"type":"cond-expr","locations":[{"start":{"line":118,"column":12},"end":{"line":118,"column":155}},{"start":{"line":119,"column":12},"end":{"line":119,"column":25}}]},"10":{"loc":{"start":{"line":132,"column":4},"end":{"line":165,"column":5}},"type":"if","locations":[{"start":{"line":132,"column":4},"end":{"line":165,"column":5}},{"start":{},"end":{}}]},"11":{"loc":{"start":{"line":132,"column":8},"end":{"line":132,"column":47}},"type":"binary-expr","locations":[{"start":{"line":132,"column":8},"end":{"line":132,"column":27}},{"start":{"line":132,"column":31},"end":{"line":132,"column":47}}]},"12":{"loc":{"start":{"line":134,"column":6},"end":{"line":137,"column":7}},"type":"if","locations":[{"start":{"line":134,"column":6},"end":{"line":137,"column":7}},{"start":{},"end":{}}]},"13":{"loc":{"start":{"line":139,"column":24},"end":{"line":139,"column":130}},"type":"binary-expr","locations":[{"start":{"line":139,"column":24},"end":{"line":139,"column":53}},{"start":{"line":139,"column":58},"end":{"line":139,"column":130}}]},"14":{"loc":{"start":{"line":141,"column":6},"end":{"line":152,"column":7}},"type":"if","locations":[{"start":{"line":141,"column":6},"end":{"line":152,"column":7}},{"start":{},"end":{}}]}},"s":{"0":1,"1":1,"2":1,"3":1,"4":1,"5":1,"6":1,"7":1,"8":1,"9":1,"10":1,"11":11,"12":11,"13":0,"14":11,"15":0,"16":0,"17":1,"18":0,"19":0,"20":0,"21":0,"22":0,"23":0,"24":0,"25":0,"26":0,"27":0,"28":0,"29":0,"30":0,"31":0,"32":0,"33":0,"34":0,"35":0,"36":1},"f":{"0":1,"1":11,"2":0,"3":0,"4":0,"5":0,"6":0,"7":0},"b":{"0":[1,0],"1":[1,0],"2":[1,0],"3":[11,0],"4":[0,0],"5":[0,0],"6":[0,0],"7":[0,0],"8":[0,0,0],"9":[0,0],"10":[0,0],"11":[0,0],"12":[0,0],"13":[0,0],"14":[0,0]}}
,"/Users/jmcvicker/customer-POCs/chick-fil-a/jira_config_export/src/resolvers/categories.ts": {"path":"/Users/jmcvicker/customer-POCs/chick-fil-a/jira_config_export/src/resolvers/categories.ts","statementMap":{"0":{"start":{"line":3,"column":13},"end":{"line":34,"column":2}}},"fnMap":{},"branchMap":{},"s":{"0":2},"f":{},"b":{}}
,"/Users/jmcvicker/customer-POCs/chick-fil-a/jira_config_export/src/resolvers/index.ts": {"path":"/Users/jmcvicker/customer-POCs/chick-fil-a/jira_config_export/src/resolvers/index.ts","statementMap":{"0":{"start":{"line":26,"column":0},"end":{"line":26,"column":16}},"1":{"start":{"line":1,"column":0},"end":{"line":1,"column":39}},"2":{"start":{"line":2,"column":0},"end":{"line":2,"column":53}},"3":{"start":{"line":3,"column":0},"end":{"line":3,"column":29}},"4":{"start":{"line":4,"column":0},"end":{"line":4,"column":36}},"5":{"start":{"line":6,"column":0},"end":{"line":6,"column":42}},"6":{"start":{"line":9,"column":0},"end":{"line":9,"column":9}},"7":{"start":{"line":9,"column":9},"end":{"line":9,"column":42}},"8":{"start":{"line":27,"column":2},"end":{"line":27,"column":42}},"9":{"start":{"line":32,"column":20},"end":{"line":32,"column":36}},"10":{"start":{"line":33,"column":20},"end":{"line":33,"column":22}},"11":{"start":{"line":34,"column":23},"end":{"line":34,"column":29}},"12":{"start":{"line":38,"column":4},"end":{"line":44,"column":5}},"13":{"start":{"line":39,"column":22},"end":{"line":39,"column":78}},"14":{"start":{"line":40,"column":6},"end":{"line":40,"column":27}},"15":{"start":{"line":42,"column":6},"end":{"line":42,"column":74}},"16":{"start":{"line":43,"column":6},"end":{"line":43,"column":16}},"17":{"start":{"line":48,"column":4},"end":{"line":76,"column":5}},"18":{"start":{"line":49,"column":22},"end":{"line":49,"column":45}},"19":{"start":{"line":50,"column":6},"end":{"line":50,"column":30}},"20":{"start":{"line":53,"column":22},"end":{"line":53,"column":51}},"21":{"start":{"line":56,"column":23},"end":{"line":56,"column":46}},"22":{"start":{"line":57,"column":6},"end":{"line":69,"column":7}},"23":{"start":{"line":58,"column":8},"end":{"line":58,"column":119}},"24":{"start":{"line":60,"column":8},"end":{"line":68,"column":9}},"25":{"start":{"line":60,"column":21},"end":{"line":60,"column":39}},"26":{"start":{"line":61,"column":10},"end":{"line":63,"column":11}},"27":{"start":{"line":62,"column":12},"end":{"line":62,"column":42}},"28":{"start":{"line":64,"column":10},"end":{"line":64,"column":47}},"29":{"start":{"line":65,"column":10},"end":{"line":67,"column":11}},"30":{"start":{"line":66,"column":12},"end":{"line":66,"column":18}},"31":{"start":{"line":71,"column":6},"end":{"line":71,"column":42}},"32":{"start":{"line":72,"column":6},"end":{"line":72,"column":103}},"33":{"start":{"line":74,"column":6},"end":{"line":74,"column":73}},"34":{"start":{"line":75,"column":6},"end":{"line":75,"column":16}},"35":{"start":{"line":82,"column":20},"end":{"line":82,"column":21}},"36":{"start":{"line":83,"column":20},"end":{"line":83,"column":22}},"37":{"start":{"line":86,"column":2},"end":{"line":86,"column":59}},"38":{"start":{"line":86,"column":34},"end":{"line":86,"column":57}},"39":{"start":{"line":93,"column":45},"end":{"line":93,"column":47}},"40":{"start":{"line":95,"column":2},"end":{"line":114,"column":3}},"41":{"start":{"line":97,"column":19},"end":{"line":97,"column":64}},"42":{"start":{"line":98,"column":4},"end":{"line":100,"column":5}},"43":{"start":{"line":99,"column":6},"end":{"line":99,"column":50}},"44":{"start":{"line":101,"column":17},"end":{"line":101,"column":28}},"45":{"start":{"line":102,"column":4},"end":{"line":112,"column":5}},"46":{"start":{"line":104,"column":6},"end":{"line":106,"column":7}},"47":{"start":{"line":105,"column":8},"end":{"line":105,"column":61}},"48":{"start":{"line":108,"column":21},"end":{"line":108,"column":71}},"49":{"start":{"line":109,"column":6},"end":{"line":111,"column":7}},"50":{"start":{"line":110,"column":8},"end":{"line":110,"column":62}},"51":{"start":{"line":113,"column":4},"end":{"line":113,"column":23}},"52":{"start":{"line":117,"column":16},"end":{"line":117,"column":17}},"53":{"start":{"line":118,"column":16},"end":{"line":118,"column":20}},"54":{"start":{"line":120,"column":2},"end":{"line":144,"column":3}},"55":{"start":{"line":121,"column":22},"end":{"line":121,"column":63}},"56":{"start":{"line":122,"column":16},"end":{"line":122,"column":92}},"57":{"start":{"line":124,"column":19},"end":{"line":124,"column":52}},"58":{"start":{"line":125,"column":4},"end":{"line":127,"column":5}},"59":{"start":{"line":126,"column":6},"end":{"line":126,"column":50}},"60":{"start":{"line":129,"column":17},"end":{"line":129,"column":55}},"61":{"start":{"line":130,"column":18},"end":{"line":130,"column":38}},"62":{"start":{"line":131,"column":4},"end":{"line":133,"column":5}},"63":{"start":{"line":132,"column":6},"end":{"line":132,"column":60}},"64":{"start":{"line":136,"column":19},"end":{"line":136,"column":53}},"65":{"start":{"line":137,"column":26},"end":{"line":137,"column":65}},"66":{"start":{"line":139,"column":4},"end":{"line":143,"column":5}},"67":{"start":{"line":140,"column":6},"end":{"line":140,"column":22}},"68":{"start":{"line":142,"column":6},"end":{"line":142,"column":29}},"69":{"start":{"line":146,"column":2},"end":{"line":146,"column":21}},"70":{"start":{"line":157,"column":2},"end":{"line":190,"column":3}},"71":{"start":{"line":158,"column":4},"end":{"line":158,"column":98}},"72":{"start":{"line":160,"column":22},"end":{"line":162,"column":31}},"73":{"start":{"line":164,"column":21},"end":{"line":166,"column":6}},"74":{"start":{"line":168,"column":4},"end":{"line":176,"column":5}},"75":{"start":{"line":169,"column":6},"end":{"line":174,"column":7}},"76":{"start":{"line":170,"column":22},"end":{"line":170,"column":52}},"77":{"start":{"line":171,"column":8},"end":{"line":171,"column":126}},"78":{"start":{"line":172,"column":8},"end":{"line":172,"column":27}},"79":{"start":{"line":173,"column":8},"end":{"line":173,"column":59}},"80":{"start":{"line":175,"column":6},"end":{"line":175,"column":68}},"81":{"start":{"line":178,"column":4},"end":{"line":182,"column":5}},"82":{"start":{"line":179,"column":24},"end":{"line":179,"column":45}},"83":{"start":{"line":180,"column":6},"end":{"line":180,"column":89}},"84":{"start":{"line":181,"column":6},"end":{"line":181,"column":64}},"85":{"start":{"line":184,"column":17},"end":{"line":184,"column":38}},"86":{"start":{"line":185,"column":4},"end":{"line":185,"column":20}},"87":{"start":{"line":187,"column":20},"end":{"line":187,"column":68}},"88":{"start":{"line":188,"column":4},"end":{"line":188,"column":71}},"89":{"start":{"line":189,"column":4},"end":{"line":189,"column":46}},"90":{"start":{"line":195,"column":17},"end":{"line":195,"column":31}},"91":{"start":{"line":197,"column":0},"end":{"line":272,"column":3}},"92":{"start":{"line":198,"column":18},"end":{"line":198,"column":70}},"93":{"start":{"line":199,"column":30},"end":{"line":199,"column":55}},"94":{"start":{"line":201,"column":2},"end":{"line":201,"column":108}},"95":{"start":{"line":203,"column":19},"end":{"line":203,"column":27}},"96":{"start":{"line":204,"column":20},"end":{"line":204,"column":44}},"97":{"start":{"line":205,"column":36},"end":{"line":205,"column":38}},"98":{"start":{"line":208,"column":2},"end":{"line":254,"column":3}},"99":{"start":{"line":209,"column":19},"end":{"line":209,"column":64}},"100":{"start":{"line":209,"column":42},"end":{"line":209,"column":63}},"101":{"start":{"line":210,"column":4},"end":{"line":219,"column":5}},"102":{"start":{"line":211,"column":6},"end":{"line":211,"column":81}},"103":{"start":{"line":212,"column":6},"end":{"line":217,"column":9}},"104":{"start":{"line":218,"column":6},"end":{"line":218,"column":15}},"105":{"start":{"line":221,"column":4},"end":{"line":221,"column":88}},"106":{"start":{"line":223,"column":4},"end":{"line":253,"column":5}},"107":{"start":{"line":224,"column":33},"end":{"line":224,"column":64}},"108":{"start":{"line":226,"column":6},"end":{"line":243,"column":7}},"109":{"start":{"line":227,"column":8},"end":{"line":227,"column":89}},"110":{"start":{"line":228,"column":8},"end":{"line":233,"column":11}},"111":{"start":{"line":235,"column":32},"end":{"line":235,"column":57}},"112":{"start":{"line":236,"column":8},"end":{"line":236,"column":134}},"113":{"start":{"line":237,"column":8},"end":{"line":242,"column":11}},"114":{"start":{"line":245,"column":22},"end":{"line":245,"column":70}},"115":{"start":{"line":246,"column":6},"end":{"line":246,"column":88}},"116":{"start":{"line":247,"column":6},"end":{"line":252,"column":9}},"117":{"start":{"line":256,"column":37},"end":{"line":261,"column":4}},"118":{"start":{"line":264,"column":2},"end":{"line":268,"column":3}},"119":{"start":{"line":265,"column":4},"end":{"line":265,"column":56}},"120":{"start":{"line":267,"column":4},"end":{"line":267,"column":82}},"121":{"start":{"line":270,"column":2},"end":{"line":270,"column":111}},"122":{"start":{"line":271,"column":2},"end":{"line":271,"column":22}},"123":{"start":{"line":274,"column":0},"end":{"line":279,"column":3}},"124":{"start":{"line":275,"column":2},"end":{"line":275,"column":60}},"125":{"start":{"line":276,"column":18},"end":{"line":276,"column":57}},"126":{"start":{"line":277,"column":2},"end":{"line":277,"column":68}},"127":{"start":{"line":278,"column":2},"end":{"line":278,"column":21}},"128":{"start":{"line":282,"column":0},"end":{"line":307,"column":3}},"129":{"start":{"line":283,"column":20},"end":{"line":283,"column":null}},"130":{"start":{"line":295,"column":2},"end":{"line":304,"column":5}},"131":{"start":{"line":306,"column":2},"end":{"line":306,"column":27}},"132":{"start":{"line":311,"column":13},"end":{"line":311,"column":56}}},"fnMap":{"0":{"name":"(anonymous_10)","decl":{"start":{"line":9,"column":9},"end":{"line":9,"column":19}},"loc":{"start":{"line":9,"column":9},"end":{"line":9,"column":42}}},"1":{"name":"generateJsonText","decl":{"start":{"line":26,"column":16},"end":{"line":26,"column":32}},"loc":{"start":{"line":26,"column":67},"end":{"line":28,"column":1}}},"2":{"name":"(anonymous_12)","decl":{"start":{"line":37,"column":2},"end":{"line":37,"column":8}},"loc":{"start":{"line":37,"column":25},"end":{"line":45,"column":3}}},"3":{"name":"(anonymous_13)","decl":{"start":{"line":47,"column":2},"end":{"line":47,"column":8}},"loc":{"start":{"line":47,"column":46},"end":{"line":77,"column":3}}},"4":{"name":"sleep","decl":{"start":{"line":85,"column":15},"end":{"line":85,"column":20}},"loc":{"start":{"line":85,"column":31},"end":{"line":87,"column":1}}},"5":{"name":"(anonymous_15)","decl":{"start":{"line":86,"column":21},"end":{"line":86,"column":22}},"loc":{"start":{"line":86,"column":34},"end":{"line":86,"column":57}}},"6":{"name":"fetchCategoryData","decl":{"start":{"line":92,"column":15},"end":{"line":92,"column":32}},"loc":{"start":{"line":92,"column":55},"end":{"line":147,"column":1}}},"7":{"name":"fetchWithRetry","decl":{"start":{"line":152,"column":15},"end":{"line":152,"column":29}},"loc":{"start":{"line":155,"column":16},"end":{"line":191,"column":1}}},"8":{"name":"(anonymous_18)","decl":{"start":{"line":197,"column":42},"end":{"line":197,"column":47}},"loc":{"start":{"line":197,"column":73},"end":{"line":272,"column":1}}},"9":{"name":"(anonymous_19)","decl":{"start":{"line":209,"column":35},"end":{"line":209,"column":36}},"loc":{"start":{"line":209,"column":42},"end":{"line":209,"column":63}}},"10":{"name":"(anonymous_20)","decl":{"start":{"line":274,"column":36},"end":{"line":274,"column":41}},"loc":{"start":{"line":274,"column":47},"end":{"line":279,"column":1}}},"11":{"name":"(anonymous_21)","decl":{"start":{"line":282,"column":28},"end":{"line":282,"column":29}},"loc":{"start":{"line":282,"column":53},"end":{"line":307,"column":1}}}},"branchMap":{"0":{"loc":{"start":{"line":40,"column":13},"end":{"line":40,"column":26}},"type":"binary-expr","locations":[{"start":{"line":40,"column":13},"end":{"line":40,"column":20}},{"start":{"line":40,"column":24},"end":{"line":40,"column":26}}]},"1":{"loc":{"start":{"line":57,"column":6},"end":{"line":69,"column":7}},"type":"if","locations":[{"start":{"line":57,"column":6},"end":{"line":69,"column":7}},{"start":{},"end":{}}]},"2":{"loc":{"start":{"line":65,"column":10},"end":{"line":67,"column":11}},"type":"if","locations":[{"start":{"line":65,"column":10},"end":{"line":67,"column":11}},{"start":{},"end":{}}]},"3":{"loc":{"start":{"line":95,"column":2},"end":{"line":114,"column":3}},"type":"if","locations":[{"start":{"line":95,"column":2},"end":{"line":114,"column":3}},{"start":{},"end":{}}]},"4":{"loc":{"start":{"line":98,"column":4},"end":{"line":100,"column":5}},"type":"if","locations":[{"start":{"line":98,"column":4},"end":{"line":100,"column":5}},{"start":{},"end":{}}]},"5":{"loc":{"start":{"line":102,"column":4},"end":{"line":112,"column":5}},"type":"if","locations":[{"start":{"line":102,"column":4},"end":{"line":112,"column":5}},{"start":{"line":107,"column":11},"end":{"line":112,"column":5}}]},"6":{"loc":{"start":{"line":104,"column":6},"end":{"line":106,"column":7}},"type":"if","locations":[{"start":{"line":104,"column":6},"end":{"line":106,"column":7}},{"start":{},"end":{}}]},"7":{"loc":{"start":{"line":109,"column":6},"end":{"line":111,"column":7}},"type":"if","locations":[{"start":{"line":109,"column":6},"end":{"line":111,"column":7}},{"start":{},"end":{}}]},"8":{"loc":{"start":{"line":121,"column":22},"end":{"line":121,"column":63}},"type":"cond-expr","locations":[{"start":{"line":121,"column":54},"end":{"line":121,"column":57}},{"start":{"line":121,"column":60},"end":{"line":121,"column":63}}]},"9":{"loc":{"start":{"line":125,"column":4},"end":{"line":127,"column":5}},"type":"if","locations":[{"start":{"line":125,"column":4},"end":{"line":127,"column":5}},{"start":{},"end":{}}]},"10":{"loc":{"start":{"line":131,"column":4},"end":{"line":133,"column":5}},"type":"if","locations":[{"start":{"line":131,"column":4},"end":{"line":133,"column":5}},{"start":{},"end":{}}]},"11":{"loc":{"start":{"line":137,"column":26},"end":{"line":137,"column":65}},"type":"cond-expr","locations":[{"start":{"line":137,"column":49},"end":{"line":137,"column":61}},{"start":{"line":137,"column":64},"end":{"line":137,"column":65}}]},"12":{"loc":{"start":{"line":139,"column":4},"end":{"line":143,"column":5}},"type":"if","locations":[{"start":{"line":139,"column":4},"end":{"line":143,"column":5}},{"start":{"line":141,"column":11},"end":{"line":143,"column":5}}]},"13":{"loc":{"start":{"line":139,"column":8},"end":{"line":139,"column":54}},"type":"binary-expr","locations":[{"start":{"line":139,"column":8},"end":{"line":139,"column":23}},{"start":{"line":139,"column":27},"end":{"line":139,"column":54}}]},"14":{"loc":{"start":{"line":155,"column":2},"end":{"line":155,"column":16}},"type":"default-arg","locations":[{"start":{"line":155,"column":15},"end":{"line":155,"column":16}}]},"15":{"loc":{"start":{"line":158,"column":36},"end":{"line":158,"column":83}},"type":"cond-expr","locations":[{"start":{"line":158,"column":65},"end":{"line":158,"column":73}},{"start":{"line":158,"column":76},"end":{"line":158,"column":83}}]},"16":{"loc":{"start":{"line":160,"column":22},"end":{"line":162,"column":31}},"type":"cond-expr","locations":[{"start":{"line":161,"column":8},"end":{"line":161,"column":32}},{"start":{"line":162,"column":8},"end":{"line":162,"column":31}}]},"17":{"loc":{"start":{"line":168,"column":4},"end":{"line":176,"column":5}},"type":"if","locations":[{"start":{"line":168,"column":4},"end":{"line":176,"column":5}},{"start":{},"end":{}}]},"18":{"loc":{"start":{"line":169,"column":6},"end":{"line":174,"column":7}},"type":"if","locations":[{"start":{"line":169,"column":6},"end":{"line":174,"column":7}},{"start":{},"end":{}}]},"19":{"loc":{"start":{"line":178,"column":4},"end":{"line":182,"column":5}},"type":"if","locations":[{"start":{"line":178,"column":4},"end":{"line":182,"column":5}},{"start":{},"end":{}}]},"20":{"loc":{"start":{"line":187,"column":20},"end":{"line":187,"column":68}},"type":"cond-expr","locations":[{"start":{"line":187,"column":43},"end":{"line":187,"column":54}},{"start":{"line":187,"column":57},"end":{"line":187,"column":68}}]},"21":{"loc":{"start":{"line":199,"column":30},"end":{"line":199,"column":55}},"type":"binary-expr","locations":[{"start":{"line":199,"column":30},"end":{"line":199,"column":49}},{"start":{"line":199,"column":53},"end":{"line":199,"column":55}}]},"22":{"loc":{"start":{"line":210,"column":4},"end":{"line":219,"column":5}},"type":"if","locations":[{"start":{"line":210,"column":4},"end":{"line":219,"column":5}},{"start":{},"end":{}}]},"23":{"loc":{"start":{"line":226,"column":6},"end":{"line":243,"column":7}},"type":"if","locations":[{"start":{"line":226,"column":6},"end":{"line":243,"column":7}},{"start":{"line":234,"column":13},"end":{"line":243,"column":7}}]},"24":{"loc":{"start":{"line":245,"column":22},"end":{"line":245,"column":70}},"type":"cond-expr","locations":[{"start":{"line":245,"column":45},"end":{"line":245,"column":56}},{"start":{"line":245,"column":59},"end":{"line":245,"column":70}}]}},"s":{"0":2,"1":2,"2":2,"3":2,"4":2,"5":2,"6":2,"7":2,"8":19,"9":2,"10":2,"11":2,"12":24,"13":24,"14":24,"15":0,"16":0,"17":17,"18":17,"19":17,"20":17,"21":17,"22":17,"23":0,"24":0,"25":0,"26":0,"27":0,"28":0,"29":0,"30":0,"31":17,"32":17,"33":0,"34":0,"35":2,"36":2,"37":0,"38":0,"39":19,"40":19,"41":12,"42":12,"43":1,"44":11,"45":11,"46":10,"47":10,"48":1,"49":1,"50":1,"51":11,"52":7,"53":7,"54":7,"55":7,"56":7,"57":7,"58":7,"59":1,"60":6,"61":6,"62":6,"63":6,"64":6,"65":6,"66":6,"67":6,"68":0,"69":6,"70":19,"71":19,"72":19,"73":19,"74":19,"75":0,"76":0,"77":0,"78":0,"79":0,"80":0,"81":19,"82":2,"83":2,"84":2,"85":17,"86":17,"87":0,"88":0,"89":0,"90":2,"91":2,"92":17,"93":17,"94":17,"95":17,"96":17,"97":17,"98":17,"99":20,"100":95,"101":20,"102":1,"103":1,"104":1,"105":19,"106":19,"107":19,"108":19,"109":2,"110":2,"111":17,"112":17,"113":17,"114":0,"115":0,"116":0,"117":17,"118":17,"119":17,"120":0,"121":17,"122":17,"123":2,"124":7,"125":7,"126":7,"127":7,"128":2,"129":1,"130":1,"131":1,"132":2},"f":{"0":0,"1":19,"2":24,"3":17,"4":0,"5":0,"6":19,"7":19,"8":17,"9":95,"10":7,"11":1},"b":{"0":[24,16],"1":[0,17],"2":[0,0],"3":[12,7],"4":[1,11],"5":[10,1],"6":[10,0],"7":[1,0],"8":[0,7],"9":[1,6],"10":[6,0],"11":[6,0],"12":[6,0],"13":[6,0],"14":[19],"15":[0,19],"16":[0,19],"17":[0,19],"18":[0,0],"19":[2,17],"20":[0,0],"21":[17,0],"22":[1,19],"23":[2,17],"24":[0,0]}}
,"/Users/jmcvicker/customer-POCs/chick-fil-a/jira_config_export/src/resolvers/__tests__/index.test.ts": {"path":"/Users/jmcvicker/customer-POCs/chick-fil-a/jira_config_export/src/resolvers/__tests__/index.test.ts","statementMap":{"0":{"start":{"line":1,"column":0},"end":{"line":1,"column":61}},"1":{"start":{"line":2,"column":0},"end":{"line":2,"column":53}},"2":{"start":{"line":5,"column":16},"end":{"line":8,"column":2}},"3":{"start":{"line":10,"column":0},"end":{"line":10,"column":34}},"4":{"start":{"line":10,"column":17},"end":{"line":10,"column":32}},"5":{"start":{"line":14,"column":0},"end":{"line":29,"column":3}},"6":{"start":{"line":15,"column":2},"end":{"line":17,"column":5}},"7":{"start":{"line":16,"column":4},"end":{"line":16,"column":44}},"8":{"start":{"line":19,"column":2},"end":{"line":28,"column":5}},"9":{"start":{"line":20,"column":20},"end":{"line":23,"column":6}},"10":{"start":{"line":24,"column":17},"end":{"line":24,"column":42}},"11":{"start":{"line":25,"column":4},"end":{"line":25,"column":44}},"12":{"start":{"line":26,"column":4},"end":{"line":26,"column":45}},"13":{"start":{"line":27,"column":4},"end":{"line":27,"column":36}},"14":{"start":{"line":33,"column":0},"end":{"line":204,"column":3}},"15":{"start":{"line":34,"column":2},"end":{"line":59,"column":5}},"16":{"start":{"line":35,"column":4},"end":{"line":44,"column":7}},"17":{"start":{"line":46,"column":19},"end":{"line":48,"column":6}},"18":{"start":{"line":50,"column":4},"end":{"line":50,"column":38}},"19":{"start":{"line":51,"column":4},"end":{"line":51,"column":41}},"20":{"start":{"line":52,"column":4},"end":{"line":52,"column":48}},"21":{"start":{"line":53,"column":4},"end":{"line":53,"column":57}},"22":{"start":{"line":54,"column":4},"end":{"line":54,"column":48}},"23":{"start":{"line":55,"column":4},"end":{"line":55,"column":61}},"24":{"start":{"line":56,"column":4},"end":{"line":56,"column":55}},"25":{"start":{"line":57,"column":4},"end":{"line":57,"column":52}},"26":{"start":{"line":58,"column":4},"end":{"line":58,"column":69}},"27":{"start":{"line":61,"column":2},"end":{"line":78,"column":5}},"28":{"start":{"line":62,"column":4},"end":{"line":68,"column":7}},"29":{"start":{"line":70,"column":19},"end":{"line":72,"column":6}},"30":{"start":{"line":74,"column":4},"end":{"line":74,"column":55}},"31":{"start":{"line":75,"column":4},"end":{"line":75,"column":52}},"32":{"start":{"line":76,"column":4},"end":{"line":76,"column":68}},"33":{"start":{"line":77,"column":4},"end":{"line":77,"column":69}},"34":{"start":{"line":80,"column":2},"end":{"line":97,"column":5}},"35":{"start":{"line":81,"column":4},"end":{"line":88,"column":7}},"36":{"start":{"line":90,"column":19},"end":{"line":92,"column":6}},"37":{"start":{"line":94,"column":4},"end":{"line":94,"column":55}},"38":{"start":{"line":95,"column":4},"end":{"line":95,"column":52}},"39":{"start":{"line":96,"column":4},"end":{"line":96,"column":90}},"40":{"start":{"line":99,"column":2},"end":{"line":118,"column":5}},"41":{"start":{"line":100,"column":4},"end":{"line":103,"column":7}},"42":{"start":{"line":104,"column":4},"end":{"line":107,"column":7}},"43":{"start":{"line":109,"column":19},"end":{"line":111,"column":6}},"44":{"start":{"line":113,"column":4},"end":{"line":113,"column":48}},"45":{"start":{"line":114,"column":4},"end":{"line":114,"column":61}},"46":{"start":{"line":115,"column":4},"end":{"line":115,"column":55}},"47":{"start":{"line":116,"column":4},"end":{"line":116,"column":62}},"48":{"start":{"line":117,"column":4},"end":{"line":117,"column":55}},"49":{"start":{"line":120,"column":2},"end":{"line":144,"column":5}},"50":{"start":{"line":127,"column":23},"end":{"line":127,"column":101}},"51":{"start":{"line":127,"column":60},"end":{"line":127,"column":99}},"52":{"start":{"line":128,"column":4},"end":{"line":131,"column":7}},"53":{"start":{"line":133,"column":19},"end":{"line":135,"column":6}},"54":{"start":{"line":137,"column":4},"end":{"line":137,"column":55}},"55":{"start":{"line":138,"column":4},"end":{"line":138,"column":52}},"56":{"start":{"line":140,"column":21},"end":{"line":140,"column":59}},"57":{"start":{"line":141,"column":4},"end":{"line":141,"column":35}},"58":{"start":{"line":142,"column":4},"end":{"line":142,"column":37}},"59":{"start":{"line":143,"column":4},"end":{"line":143,"column":37}},"60":{"start":{"line":146,"column":2},"end":{"line":167,"column":5}},"61":{"start":{"line":147,"column":4},"end":{"line":150,"column":7}},"62":{"start":{"line":151,"column":4},"end":{"line":154,"column":7}},"63":{"start":{"line":156,"column":19},"end":{"line":158,"column":6}},"64":{"start":{"line":160,"column":4},"end":{"line":160,"column":48}},"65":{"start":{"line":161,"column":4},"end":{"line":161,"column":61}},"66":{"start":{"line":162,"column":4},"end":{"line":162,"column":56}},"67":{"start":{"line":163,"column":4},"end":{"line":163,"column":58}},"68":{"start":{"line":165,"column":4},"end":{"line":165,"column":62}},"69":{"start":{"line":166,"column":4},"end":{"line":166,"column":55}},"70":{"start":{"line":169,"column":2},"end":{"line":177,"column":5}},"71":{"start":{"line":170,"column":19},"end":{"line":172,"column":6}},"72":{"start":{"line":174,"column":4},"end":{"line":174,"column":48}},"73":{"start":{"line":175,"column":4},"end":{"line":175,"column":56}},"74":{"start":{"line":176,"column":4},"end":{"line":176,"column":71}},"75":{"start":{"line":179,"column":2},"end":{"line":187,"column":5}},"76":{"start":{"line":180,"column":19},"end":{"line":182,"column":6}},"77":{"start":{"line":184,"column":4},"end":{"line":184,"column":48}},"78":{"start":{"line":185,"column":4},"end":{"line":185,"column":41}},"79":{"start":{"line":186,"column":4},"end":{"line":186,"column":48}},"80":{"start":{"line":189,"column":2},"end":{"line":203,"column":5}},"81":{"start":{"line":190,"column":4},"end":{"line":193,"column":7}},"82":{"start":{"line":195,"column":4},"end":{"line":197,"column":7}},"83":{"start":{"line":200,"column":26},"end":{"line":200,"column":95}},"84":{"start":{"line":201,"column":4},"end":{"line":201,"column":55}},"85":{"start":{"line":202,"column":4},"end":{"line":202,"column":76}},"86":{"start":{"line":208,"column":0},"end":{"line":239,"column":3}},"87":{"start":{"line":209,"column":2},"end":{"line":212,"column":5}},"88":{"start":{"line":210,"column":19},"end":{"line":210,"column":88}},"89":{"start":{"line":211,"column":4},"end":{"line":211,"column":44}},"90":{"start":{"line":214,"column":2},"end":{"line":238,"column":5}},"91":{"start":{"line":215,"column":4},"end":{"line":218,"column":7}},"92":{"start":{"line":219,"column":4},"end":{"line":222,"column":7}},"93":{"start":{"line":225,"column":4},"end":{"line":227,"column":7}},"94":{"start":{"line":229,"column":4},"end":{"line":231,"column":7}},"95":{"start":{"line":233,"column":19},"end":{"line":233,"column":88}},"96":{"start":{"line":234,"column":4},"end":{"line":234,"column":48}},"97":{"start":{"line":236,"column":4},"end":{"line":236,"column":68}},"98":{"start":{"line":237,"column":4},"end":{"line":237,"column":69}},"99":{"start":{"line":243,"column":0},"end":{"line":253,"column":3}},"100":{"start":{"line":244,"column":2},"end":{"line":252,"column":5}},"101":{"start":{"line":245,"column":19},"end":{"line":250,"column":6}},"102":{"start":{"line":251,"column":4},"end":{"line":251,"column":43}}},"fnMap":{"0":{"name":"(anonymous_0)","decl":{"start":{"line":10,"column":11},"end":{"line":10,"column":14}},"loc":{"start":{"line":10,"column":17},"end":{"line":10,"column":32}}},"1":{"name":"(anonymous_1)","decl":{"start":{"line":14,"column":29},"end":{"line":14,"column":32}},"loc":{"start":{"line":14,"column":34},"end":{"line":29,"column":1}}},"2":{"name":"(anonymous_2)","decl":{"start":{"line":15,"column":65},"end":{"line":15,"column":68}},"loc":{"start":{"line":15,"column":70},"end":{"line":17,"column":3}}},"3":{"name":"(anonymous_3)","decl":{"start":{"line":19,"column":62},"end":{"line":19,"column":65}},"loc":{"start":{"line":19,"column":67},"end":{"line":28,"column":3}}},"4":{"name":"(anonymous_4)","decl":{"start":{"line":33,"column":35},"end":{"line":33,"column":38}},"loc":{"start":{"line":33,"column":40},"end":{"line":204,"column":1}}},"5":{"name":"(anonymous_5)","decl":{"start":{"line":34,"column":50},"end":{"line":34,"column":55}},"loc":{"start":{"line":34,"column":61},"end":{"line":59,"column":3}}},"6":{"name":"(anonymous_6)","decl":{"start":{"line":61,"column":72},"end":{"line":61,"column":77}},"loc":{"start":{"line":61,"column":83},"end":{"line":78,"column":3}}},"7":{"name":"(anonymous_7)","decl":{"start":{"line":80,"column":67},"end":{"line":80,"column":72}},"loc":{"start":{"line":80,"column":78},"end":{"line":97,"column":3}}},"8":{"name":"(anonymous_8)","decl":{"start":{"line":99,"column":55},"end":{"line":99,"column":60}},"loc":{"start":{"line":99,"column":66},"end":{"line":118,"column":3}}},"9":{"name":"(anonymous_9)","decl":{"start":{"line":120,"column":55},"end":{"line":120,"column":60}},"loc":{"start":{"line":120,"column":66},"end":{"line":144,"column":3}}},"10":{"name":"(anonymous_10)","decl":{"start":{"line":127,"column":49},"end":{"line":127,"column":50}},"loc":{"start":{"line":127,"column":60},"end":{"line":127,"column":99}}},"11":{"name":"(anonymous_11)","decl":{"start":{"line":146,"column":63},"end":{"line":146,"column":68}},"loc":{"start":{"line":146,"column":74},"end":{"line":167,"column":3}}},"12":{"name":"(anonymous_12)","decl":{"start":{"line":169,"column":49},"end":{"line":169,"column":54}},"loc":{"start":{"line":169,"column":60},"end":{"line":177,"column":3}}},"13":{"name":"(anonymous_13)","decl":{"start":{"line":179,"column":45},"end":{"line":179,"column":50}},"loc":{"start":{"line":179,"column":56},"end":{"line":187,"column":3}}},"14":{"name":"(anonymous_14)","decl":{"start":{"line":189,"column":45},"end":{"line":189,"column":50}},"loc":{"start":{"line":189,"column":56},"end":{"line":203,"column":3}}},"15":{"name":"(anonymous_15)","decl":{"start":{"line":208,"column":29},"end":{"line":208,"column":32}},"loc":{"start":{"line":208,"column":34},"end":{"line":239,"column":1}}},"16":{"name":"(anonymous_16)","decl":{"start":{"line":209,"column":70},"end":{"line":209,"column":75}},"loc":{"start":{"line":209,"column":81},"end":{"line":212,"column":3}}},"17":{"name":"(anonymous_17)","decl":{"start":{"line":214,"column":53},"end":{"line":214,"column":58}},"loc":{"start":{"line":214,"column":64},"end":{"line":238,"column":3}}},"18":{"name":"(anonymous_18)","decl":{"start":{"line":243,"column":21},"end":{"line":243,"column":24}},"loc":{"start":{"line":243,"column":26},"end":{"line":253,"column":1}}},"19":{"name":"(anonymous_19)","decl":{"start":{"line":244,"column":52},"end":{"line":244,"column":57}},"loc":{"start":{"line":244,"column":63},"end":{"line":252,"column":3}}}},"branchMap":{},"s":{"0":0,"1":0,"2":0,"3":0,"4":0,"5":0,"6":0,"7":0,"8":0,"9":0,"10":0,"11":0,"12":0,"13":0,"14":0,"15":0,"16":0,"17":0,"18":0,"19":0,"20":0,"21":0,"22":0,"23":0,"24":0,"25":0,"26":0,"27":0,"28":0,"29":0,"30":0,"31":0,"32":0,"33":0,"34":0,"35":0,"36":0,"37":0,"38":0,"39":0,"40":0,"41":0,"42":0,"43":0,"44":0,"45":0,"46":0,"47":0,"48":0,"49":0,"50":0,"51":0,"52":0,"53":0,"54":0,"55":0,"56":0,"57":0,"58":0,"59":0,"60":0,"61":0,"62":0,"63":0,"64":0,"65":0,"66":0,"67":0,"68":0,"69":0,"70":0,"71":0,"72":0,"73":0,"74":0,"75":0,"76":0,"77":0,"78":0,"79":0,"80":0,"81":0,"82":0,"83":0,"84":0,"85":0,"86":0,"87":0,"88":0,"89":0,"90":0,"91":0,"92":0,"93":0,"94":0,"95":0,"96":0,"97":0,"98":0,"99":0,"100":0,"101":0,"102":0},"f":{"0":0,"1":0,"2":0,"3":0,"4":0,"5":0,"6":0,"7":0,"8":0,"9":0,"10":0,"11":0,"12":0,"13":0,"14":0,"15":0,"16":0,"17":0,"18":0,"19":0},"b":{}}
}
