TN:
SF:src/index.ts
FN:1,(anonymous_0)
FNF:1
FNH:0
FNDA:0,(anonymous_0)
DA:1,0
LF:1
LH:0
BRF:0
BRH:0
end_of_record
TN:
SF:src/setupTests.ts
FN:16,(anonymous_0)
FN:25,(anonymous_1)
FN:26,(anonymous_2)
FNF:3
FNH:0
FNDA:0,(anonymous_0)
FNDA:0,(anonymous_1)
FNDA:0,(anonymous_2)
DA:1,0
DA:9,0
DA:10,0
DA:17,0
DA:18,0
DA:19,0
DA:20,0
DA:25,0
DA:26,0
LF:9
LH:0
BRDA:9,0,0,0
BRDA:9,0,1,0
BRDA:17,1,0,0
BRDA:17,1,1,0
BRDA:18,2,0,0
BRDA:18,2,1,0
BRDA:19,3,0,0
BRDA:19,3,1,0
BRDA:20,4,0,0
BRDA:20,4,1,0
BRF:10
BRH:0
end_of_record
TN:
SF:src/__tests__/forge-context-api.test.ts
FN:6,(anonymous_0)
FN:7,(anonymous_1)
FN:15,(anonymous_2)
FN:22,(anonymous_3)
FNF:4
FNH:0
FNDA:0,(anonymous_0)
FNDA:0,(anonymous_1)
FNDA:0,(anonymous_2)
FNDA:0,(anonymous_3)
DA:1,0
DA:2,0
DA:6,0
DA:7,0
DA:8,0
DA:11,0
DA:12,0
DA:15,0
DA:16,0
DA:17,0
DA:18,0
DA:19,0
DA:22,0
DA:23,0
DA:26,0
DA:28,0
DA:29,0
LF:17
LH:0
BRF:0
BRH:0
end_of_record
TN:
SF:src/__tests__/integration.test.ts
FN:10,(anonymous_0)
FN:12,(anonymous_1)
FN:13,(anonymous_2)
FN:56,(anonymous_3)
FN:62,(anonymous_4)
FN:88,(anonymous_5)
FN:115,(anonymous_6)
FNF:7
FNH:0
FNDA:0,(anonymous_0)
FNDA:0,(anonymous_1)
FNDA:0,(anonymous_2)
FNDA:0,(anonymous_3)
FNDA:0,(anonymous_4)
FNDA:0,(anonymous_5)
FNDA:0,(anonymous_6)
DA:1,0
DA:2,0
DA:5,0
DA:10,0
DA:12,0
DA:13,0
DA:15,0
DA:27,0
DA:36,0
DA:40,0
DA:41,0
DA:42,0
DA:43,0
DA:46,0
DA:48,0
DA:49,0
DA:50,0
DA:51,0
DA:52,0
DA:53,0
DA:56,0
DA:58,0
DA:59,0
DA:62,0
DA:63,0
DA:70,0
DA:75,0
DA:79,0
DA:80,0
DA:81,0
DA:84,0
DA:85,0
DA:88,0
DA:89,0
DA:93,0
DA:97,0
DA:103,0
DA:104,0
DA:105,0
DA:107,0
DA:108,0
DA:110,0
DA:111,0
DA:112,0
DA:115,0
DA:116,0
DA:129,0
DA:133,0
DA:134,0
DA:135,0
LF:50
LH:0
BRF:0
BRH:0
end_of_record
TN:
SF:src/frontend/index.tsx
FN:66,(anonymous_9)
FN:68,(anonymous_10)
FN:74,categoryLabel
FN:75,(anonymous_12)
FN:130,(anonymous_13)
FN:140,(anonymous_14)
FN:160,(anonymous_15)
FN:168,(anonymous_16)
FN:173,(anonymous_17)
FN:178,(anonymous_18)
FN:186,(anonymous_19)
FN:198,(anonymous_20)
FN:204,(anonymous_21)
FN:222,(anonymous_22)
FN:224,(anonymous_23)
FN:244,(anonymous_24)
FN:245,(anonymous_25)
FN:254,(anonymous_26)
FN:259,(anonymous_27)
FN:262,(anonymous_28)
FN:275,(anonymous_29)
FN:277,(anonymous_30)
FN:281,(anonymous_31)
FN:285,(anonymous_32)
FN:299,(anonymous_33)
FN:318,(anonymous_34)
FN:335,(anonymous_35)
FN:407,(anonymous_36)
FN:431,(anonymous_37)
FN:439,(anonymous_38)
FN:440,(anonymous_39)
FNF:31
FNH:13
FNDA:23,(anonymous_9)
FNDA:23,(anonymous_10)
FNDA:6,categoryLabel
FNDA:34,(anonymous_12)
FNDA:22,(anonymous_13)
FNDA:11,(anonymous_14)
FNDA:11,(anonymous_15)
FNDA:0,(anonymous_16)
FNDA:0,(anonymous_17)
FNDA:0,(anonymous_18)
FNDA:0,(anonymous_19)
FNDA:0,(anonymous_20)
FNDA:0,(anonymous_21)
FNDA:0,(anonymous_22)
FNDA:0,(anonymous_23)
FNDA:0,(anonymous_24)
FNDA:0,(anonymous_25)
FNDA:0,(anonymous_26)
FNDA:0,(anonymous_27)
FNDA:3,(anonymous_28)
FNDA:2,(anonymous_29)
FNDA:3,(anonymous_30)
FNDA:3,(anonymous_31)
FNDA:3,(anonymous_32)
FNDA:3,(anonymous_33)
FNDA:0,(anonymous_34)
FNDA:0,(anonymous_35)
FNDA:0,(anonymous_36)
FNDA:0,(anonymous_37)
FNDA:0,(anonymous_38)
FNDA:0,(anonymous_39)
DA:1,1
DA:2,1
DA:18,1
DA:19,1
DA:36,1
DA:66,23
DA:68,23
DA:75,34
DA:82,1
DA:85,1
DA:105,1
DA:110,1
DA:114,1
DA:123,1
DA:130,1
DA:131,22
DA:132,22
DA:133,22
DA:134,22
DA:135,22
DA:136,22
DA:137,22
DA:140,22
DA:141,11
DA:142,11
DA:143,11
DA:144,0
DA:146,11
DA:149,10
DA:152,1
DA:153,1
DA:154,1
DA:156,11
DA:160,22
DA:161,11
DA:162,11
DA:166,22
DA:168,22
DA:169,0
DA:173,22
DA:174,0
DA:178,22
DA:179,0
DA:181,0
DA:182,0
DA:183,0
DA:186,0
DA:191,0
DA:193,0
DA:196,0
DA:198,0
DA:199,0
DA:204,0
DA:216,0
DA:222,0
DA:223,0
DA:224,0
DA:226,0
DA:233,0
DA:234,0
DA:237,0
DA:239,0
DA:240,0
DA:241,0
DA:244,0
DA:245,0
DA:248,0
DA:253,22
DA:254,0
DA:256,22
DA:257,22
DA:258,22
DA:259,22
DA:262,22
DA:263,3
DA:266,22
DA:275,22
DA:276,2
DA:277,3
DA:280,2
DA:281,3
DA:283,2
DA:284,2
DA:285,3
DA:288,2
DA:300,3
DA:318,22
DA:321,0
DA:323,0
DA:325,0
DA:327,0
DA:329,0
DA:331,0
DA:335,22
DA:336,0
DA:338,0
DA:340,0
DA:342,0
DA:344,0
DA:346,0
DA:351,22
DA:408,0
DA:431,0
DA:439,0
DA:441,0
DA:488,1
LF:106
LH:61
BRDA:75,0,0,6
BRDA:75,0,1,0
BRDA:82,1,0,1
BRDA:82,1,1,1
BRDA:143,2,0,0
BRDA:143,2,1,11
BRDA:149,3,0,10
BRDA:149,3,1,0
BRDA:152,4,0,1
BRDA:152,4,1,0
BRDA:169,5,0,0
BRDA:169,5,1,0
BRDA:174,6,0,0
BRDA:174,6,1,0
BRDA:179,7,0,0
BRDA:179,7,1,0
BRDA:196,8,0,0
BRDA:196,8,1,0
BRDA:223,9,0,0
BRDA:223,9,1,0
BRDA:229,10,0,0
BRDA:229,10,1,0
BRDA:239,11,0,0
BRDA:239,11,1,0
BRDA:245,12,0,0
BRDA:245,12,1,0
BRDA:253,13,0,22
BRDA:253,13,1,0
BRDA:254,14,0,0
BRDA:254,14,1,0
BRDA:256,15,0,22
BRDA:256,15,1,0
BRDA:257,16,0,0
BRDA:257,16,1,22
BRDA:258,17,0,22
BRDA:258,17,1,0
BRDA:259,18,0,22
BRDA:259,18,1,0
BRDA:275,19,0,22
BRDA:275,19,1,0
BRDA:276,20,0,2
BRDA:276,20,1,0
BRDA:277,21,0,3
BRDA:277,21,1,0
BRDA:280,22,0,2
BRDA:280,22,1,0
BRDA:284,23,0,2
BRDA:284,23,1,0
BRDA:285,24,0,3
BRDA:285,24,1,3
BRDA:297,25,0,2
BRDA:297,25,1,0
BRDA:321,26,0,0
BRDA:321,26,1,0
BRDA:321,26,2,0
BRDA:321,26,3,0
BRDA:321,26,4,0
BRDA:336,27,0,0
BRDA:336,27,1,0
BRDA:336,27,2,0
BRDA:336,27,3,0
BRDA:336,27,4,0
BRDA:355,28,0,22
BRDA:355,28,1,1
BRDA:370,29,0,0
BRDA:370,29,1,22
BRDA:387,30,0,22
BRDA:387,30,1,0
BRDA:389,31,0,0
BRDA:389,31,1,22
BRDA:393,32,0,22
BRDA:393,32,1,0
BRDA:397,33,0,22
BRDA:397,33,1,0
BRDA:397,34,0,22
BRDA:397,34,1,0
BRDA:403,35,0,0
BRDA:403,35,1,0
BRDA:403,36,0,0
BRDA:403,36,1,0
BRDA:407,37,0,0
BRDA:407,37,1,0
BRDA:414,38,0,0
BRDA:414,38,1,0
BRDA:426,39,0,22
BRDA:426,39,1,0
BRDA:426,39,2,0
BRDA:430,40,0,0
BRDA:430,40,1,0
BRDA:430,41,0,0
BRDA:430,41,1,0
BRDA:431,42,0,0
BRDA:431,42,1,0
BRDA:438,43,0,0
BRDA:438,43,1,0
BRDA:439,44,0,0
BRDA:439,44,1,0
BRDA:459,45,0,11
BRDA:459,45,1,11
BRDA:464,46,0,9
BRDA:464,46,1,2
BRDA:464,47,0,11
BRDA:464,47,1,0
BRF:103
BRH:33
end_of_record
TN:
SF:src/frontend/__tests__/index.test.tsx
FN:6,(anonymous_1)
FN:10,(anonymous_2)
FN:11,(anonymous_3)
FN:14,(anonymous_4)
FN:19,(anonymous_5)
FN:22,(anonymous_6)
FN:35,(anonymous_7)
FN:38,(anonymous_8)
FN:43,(anonymous_9)
FN:46,(anonymous_10)
FN:55,(anonymous_11)
FN:58,(anonymous_12)
FN:63,(anonymous_13)
FN:66,(anonymous_14)
FN:75,(anonymous_15)
FN:78,(anonymous_16)
FN:85,(anonymous_17)
FN:110,(anonymous_18)
FN:116,(anonymous_19)
FN:119,(anonymous_20)
FN:130,(anonymous_21)
FN:149,(anonymous_22)
FN:163,(anonymous_23)
FN:164,(anonymous_24)
FN:168,(anonymous_25)
FNF:25
FNH:0
FNDA:0,(anonymous_1)
FNDA:0,(anonymous_2)
FNDA:0,(anonymous_3)
FNDA:0,(anonymous_4)
FNDA:0,(anonymous_5)
FNDA:0,(anonymous_6)
FNDA:0,(anonymous_7)
FNDA:0,(anonymous_8)
FNDA:0,(anonymous_9)
FNDA:0,(anonymous_10)
FNDA:0,(anonymous_11)
FNDA:0,(anonymous_12)
FNDA:0,(anonymous_13)
FNDA:0,(anonymous_14)
FNDA:0,(anonymous_15)
FNDA:0,(anonymous_16)
FNDA:0,(anonymous_17)
FNDA:0,(anonymous_18)
FNDA:0,(anonymous_19)
FNDA:0,(anonymous_20)
FNDA:0,(anonymous_21)
FNDA:0,(anonymous_22)
FNDA:0,(anonymous_23)
FNDA:0,(anonymous_24)
FNDA:0,(anonymous_25)
DA:1,0
DA:2,0
DA:3,0
DA:4,0
DA:6,0
DA:7,0
DA:10,0
DA:11,0
DA:12,0
DA:13,0
DA:14,0
DA:15,0
DA:19,0
DA:20,0
DA:21,0
DA:22,0
DA:24,0
DA:25,0
DA:26,0
DA:27,0
DA:28,0
DA:29,0
DA:30,0
DA:31,0
DA:35,0
DA:36,0
DA:37,0
DA:38,0
DA:39,0
DA:43,0
DA:44,0
DA:45,0
DA:46,0
DA:47,0
DA:48,0
DA:50,0
DA:51,0
DA:55,0
DA:56,0
DA:57,0
DA:58,0
DA:59,0
DA:63,0
DA:64,0
DA:65,0
DA:66,0
DA:67,0
DA:75,0
DA:76,0
DA:77,0
DA:78,0
DA:79,0
DA:85,0
DA:86,0
DA:109,0
DA:110,0
DA:112,0
DA:116,0
DA:117,0
DA:118,0
DA:119,0
DA:120,0
DA:121,0
DA:122,0
DA:124,0
DA:125,0
DA:126,0
DA:130,0
DA:131,0
DA:148,0
DA:149,0
DA:151,0
DA:152,0
DA:154,0
DA:155,0
DA:156,0
DA:163,0
DA:164,0
DA:165,0
DA:167,0
DA:168,0
DA:169,0
LF:82
LH:0
BRDA:124,0,0,0
BRDA:124,0,1,0
BRF:2
BRH:0
end_of_record
TN:
SF:src/frontend/utils/errorLogger.ts
FN:21,(anonymous_1)
FN:47,(anonymous_2)
FN:50,(anonymous_3)
FN:62,(anonymous_4)
FN:88,(anonymous_5)
FN:93,(anonymous_6)
FN:97,(anonymous_7)
FN:131,(anonymous_8)
FNF:8
FNH:2
FNDA:1,(anonymous_1)
FNDA:11,(anonymous_2)
FNDA:0,(anonymous_3)
FNDA:0,(anonymous_4)
FNDA:0,(anonymous_5)
FNDA:0,(anonymous_6)
FNDA:0,(anonymous_7)
FNDA:0,(anonymous_8)
DA:1,1
DA:2,1
DA:3,1
DA:21,1
DA:22,1
DA:23,1
DA:35,1
DA:38,1
DA:39,1
DA:47,1
DA:48,11
DA:50,11
DA:51,0
DA:62,11
DA:64,0
DA:66,0
DA:84,1
DA:89,0
DA:90,0
DA:94,0
DA:99,0
DA:113,0
DA:114,0
DA:116,0
DA:117,0
DA:120,0
DA:132,0
DA:134,0
DA:135,0
DA:136,0
DA:139,0
DA:141,0
DA:144,0
DA:156,0
DA:167,0
LF:35
LH:14
BRDA:24,0,0,1
BRDA:24,0,1,0
BRDA:30,1,0,1
BRDA:30,1,1,0
BRDA:31,2,0,1
BRDA:31,2,1,0
BRDA:48,3,0,11
BRDA:48,3,1,0
BRDA:68,4,0,0
BRDA:68,4,1,0
BRDA:101,5,0,0
BRDA:101,5,1,0
BRDA:102,6,0,0
BRDA:102,6,1,0
BRDA:114,7,0,0
BRDA:114,7,1,0
BRDA:114,8,0,0
BRDA:114,8,1,0
BRDA:114,8,2,0
BRDA:117,9,0,0
BRDA:117,9,1,0
BRDA:132,10,0,0
BRDA:132,10,1,0
BRDA:132,11,0,0
BRDA:132,11,1,0
BRDA:134,12,0,0
BRDA:134,12,1,0
BRDA:139,13,0,0
BRDA:139,13,1,0
BRDA:141,14,0,0
BRDA:141,14,1,0
BRF:31
BRH:4
end_of_record
TN:
SF:src/resolvers/categories.ts
FNF:0
FNH:0
DA:3,2
LF:1
LH:1
BRF:0
BRH:0
end_of_record
TN:
SF:src/resolvers/index.ts
FN:9,(anonymous_10)
FN:26,generateJsonText
FN:37,(anonymous_12)
FN:47,(anonymous_13)
FN:85,sleep
FN:86,(anonymous_15)
FN:92,fetchCategoryData
FN:152,fetchWithRetry
FN:197,(anonymous_18)
FN:209,(anonymous_19)
FN:274,(anonymous_20)
FN:282,(anonymous_21)
FNF:12
FNH:9
FNDA:0,(anonymous_10)
FNDA:19,generateJsonText
FNDA:24,(anonymous_12)
FNDA:17,(anonymous_13)
FNDA:0,sleep
FNDA:0,(anonymous_15)
FNDA:19,fetchCategoryData
FNDA:19,fetchWithRetry
FNDA:17,(anonymous_18)
FNDA:95,(anonymous_19)
FNDA:7,(anonymous_20)
FNDA:1,(anonymous_21)
DA:1,2
DA:2,2
DA:3,2
DA:4,2
DA:6,2
DA:9,2
DA:26,2
DA:27,19
DA:32,2
DA:33,2
DA:34,2
DA:38,24
DA:39,24
DA:40,24
DA:42,0
DA:43,0
DA:48,17
DA:49,17
DA:50,17
DA:53,17
DA:56,17
DA:57,17
DA:58,0
DA:60,0
DA:61,0
DA:62,0
DA:64,0
DA:65,0
DA:66,0
DA:71,17
DA:72,17
DA:74,0
DA:75,0
DA:82,2
DA:83,2
DA:86,0
DA:93,19
DA:95,19
DA:97,12
DA:98,12
DA:99,1
DA:101,11
DA:102,11
DA:104,10
DA:105,10
DA:108,1
DA:109,1
DA:110,1
DA:113,11
DA:117,7
DA:118,7
DA:120,7
DA:121,7
DA:122,7
DA:124,7
DA:125,7
DA:126,1
DA:129,6
DA:130,6
DA:131,6
DA:132,6
DA:136,6
DA:137,6
DA:139,6
DA:140,6
DA:142,0
DA:146,6
DA:157,19
DA:158,19
DA:160,19
DA:164,19
DA:168,19
DA:169,0
DA:170,0
DA:171,0
DA:172,0
DA:173,0
DA:175,0
DA:178,19
DA:179,2
DA:180,2
DA:181,2
DA:184,17
DA:185,17
DA:187,0
DA:188,0
DA:189,0
DA:195,2
DA:197,2
DA:198,17
DA:199,17
DA:201,17
DA:203,17
DA:204,17
DA:205,17
DA:208,17
DA:209,95
DA:210,20
DA:211,1
DA:212,1
DA:218,1
DA:221,19
DA:223,19
DA:224,19
DA:226,19
DA:227,2
DA:228,2
DA:235,17
DA:236,17
DA:237,17
DA:245,0
DA:246,0
DA:247,0
DA:256,17
DA:264,17
DA:265,17
DA:267,0
DA:270,17
DA:271,17
DA:274,2
DA:275,7
DA:276,7
DA:277,7
DA:278,7
DA:282,2
DA:283,1
DA:295,1
DA:306,1
DA:311,2
LF:129
LH:103
BRDA:40,0,0,24
BRDA:40,0,1,16
BRDA:57,1,0,0
BRDA:57,1,1,17
BRDA:65,2,0,0
BRDA:65,2,1,0
BRDA:95,3,0,12
BRDA:95,3,1,7
BRDA:98,4,0,1
BRDA:98,4,1,11
BRDA:102,5,0,10
BRDA:102,5,1,1
BRDA:104,6,0,10
BRDA:104,6,1,0
BRDA:109,7,0,1
BRDA:109,7,1,0
BRDA:121,8,0,0
BRDA:121,8,1,7
BRDA:125,9,0,1
BRDA:125,9,1,6
BRDA:131,10,0,6
BRDA:131,10,1,0
BRDA:137,11,0,6
BRDA:137,11,1,0
BRDA:139,12,0,6
BRDA:139,12,1,0
BRDA:139,13,0,6
BRDA:139,13,1,0
BRDA:155,14,0,19
BRDA:158,15,0,0
BRDA:158,15,1,19
BRDA:160,16,0,0
BRDA:160,16,1,19
BRDA:168,17,0,0
BRDA:168,17,1,19
BRDA:169,18,0,0
BRDA:169,18,1,0
BRDA:178,19,0,2
BRDA:178,19,1,17
BRDA:187,20,0,0
BRDA:187,20,1,0
BRDA:199,21,0,17
BRDA:199,21,1,0
BRDA:210,22,0,1
BRDA:210,22,1,19
BRDA:226,23,0,2
BRDA:226,23,1,17
BRDA:245,24,0,0
BRDA:245,24,1,0
BRF:49
BRH:29
end_of_record
TN:
SF:src/resolvers/__tests__/index.test.ts
FN:10,(anonymous_0)
FN:14,(anonymous_1)
FN:15,(anonymous_2)
FN:19,(anonymous_3)
FN:33,(anonymous_4)
FN:34,(anonymous_5)
FN:61,(anonymous_6)
FN:80,(anonymous_7)
FN:99,(anonymous_8)
FN:120,(anonymous_9)
FN:127,(anonymous_10)
FN:146,(anonymous_11)
FN:169,(anonymous_12)
FN:179,(anonymous_13)
FN:189,(anonymous_14)
FN:208,(anonymous_15)
FN:209,(anonymous_16)
FN:214,(anonymous_17)
FN:243,(anonymous_18)
FN:244,(anonymous_19)
FNF:20
FNH:0
FNDA:0,(anonymous_0)
FNDA:0,(anonymous_1)
FNDA:0,(anonymous_2)
FNDA:0,(anonymous_3)
FNDA:0,(anonymous_4)
FNDA:0,(anonymous_5)
FNDA:0,(anonymous_6)
FNDA:0,(anonymous_7)
FNDA:0,(anonymous_8)
FNDA:0,(anonymous_9)
FNDA:0,(anonymous_10)
FNDA:0,(anonymous_11)
FNDA:0,(anonymous_12)
FNDA:0,(anonymous_13)
FNDA:0,(anonymous_14)
FNDA:0,(anonymous_15)
FNDA:0,(anonymous_16)
FNDA:0,(anonymous_17)
FNDA:0,(anonymous_18)
FNDA:0,(anonymous_19)
DA:1,0
DA:2,0
DA:5,0
DA:10,0
DA:14,0
DA:15,0
DA:16,0
DA:19,0
DA:20,0
DA:24,0
DA:25,0
DA:26,0
DA:27,0
DA:33,0
DA:34,0
DA:35,0
DA:46,0
DA:50,0
DA:51,0
DA:52,0
DA:53,0
DA:54,0
DA:55,0
DA:56,0
DA:57,0
DA:58,0
DA:61,0
DA:62,0
DA:70,0
DA:74,0
DA:75,0
DA:76,0
DA:77,0
DA:80,0
DA:81,0
DA:90,0
DA:94,0
DA:95,0
DA:96,0
DA:99,0
DA:100,0
DA:104,0
DA:109,0
DA:113,0
DA:114,0
DA:115,0
DA:116,0
DA:117,0
DA:120,0
DA:127,0
DA:128,0
DA:133,0
DA:137,0
DA:138,0
DA:140,0
DA:141,0
DA:142,0
DA:143,0
DA:146,0
DA:147,0
DA:151,0
DA:156,0
DA:160,0
DA:161,0
DA:162,0
DA:163,0
DA:165,0
DA:166,0
DA:169,0
DA:170,0
DA:174,0
DA:175,0
DA:176,0
DA:179,0
DA:180,0
DA:184,0
DA:185,0
DA:186,0
DA:189,0
DA:190,0
DA:195,0
DA:200,0
DA:201,0
DA:202,0
DA:208,0
DA:209,0
DA:210,0
DA:211,0
DA:214,0
DA:215,0
DA:219,0
DA:225,0
DA:229,0
DA:233,0
DA:234,0
DA:236,0
DA:237,0
DA:243,0
DA:244,0
DA:245,0
DA:251,0
LF:101
LH:0
BRF:0
BRH:0
end_of_record
